<?xml version="1.0" encoding="UTF-8"?>
<coverage generated="1759378896161" clover="3.2.0">
  <project timestamp="1759378896161" name="All files">
    <metrics statements="326" coveredstatements="210" conditionals="326" coveredconditionals="223" methods="32" coveredmethods="32" elements="684" coveredelements="465" complexity="0" loc="326" ncloc="326" packages="1" files="3" classes="3"/>
    <file name="pacing-strategist.ts" path="/home/dministrator/project/Director-Actor-Collaborater-MVP/lib/agents/pacing-strategist.ts">
      <metrics statements="103" coveredstatements="67" conditionals="92" coveredconditionals="61" methods="11" coveredmethods="11"/>
      <line num="10" count="1" type="stmt"/>
      <line num="12" count="1" type="stmt"/>
      <line num="74" count="10" type="stmt"/>
      <line num="79" count="10" type="stmt"/>
      <line num="87" count="10" type="stmt"/>
      <line num="103" count="5" type="stmt"/>
      <line num="108" count="5" type="stmt"/>
      <line num="119" count="5" type="stmt"/>
      <line num="120" count="5" type="stmt"/>
      <line num="121" count="5" type="stmt"/>
      <line num="123" count="5" type="cond" truecount="1" falsecount="1"/>
      <line num="124" count="0" type="stmt"/>
      <line num="127" count="5" type="stmt"/>
      <line num="128" count="5" type="stmt"/>
      <line num="130" count="4" type="stmt"/>
      <line num="132" count="1" type="stmt"/>
      <line num="145" count="3" type="stmt"/>
      <line num="147" count="3" type="stmt"/>
      <line num="158" count="3" type="stmt"/>
      <line num="159" count="3" type="stmt"/>
      <line num="160" count="3" type="stmt"/>
      <line num="162" count="3" type="cond" truecount="1" falsecount="1"/>
      <line num="163" count="0" type="stmt"/>
      <line num="166" count="3" type="stmt"/>
      <line num="167" count="3" type="stmt"/>
      <line num="169" count="2" type="stmt"/>
      <line num="171" count="1" type="stmt"/>
      <line num="189" count="2" type="stmt"/>
      <line num="192" count="2" type="stmt"/>
      <line num="198" count="2" type="cond" truecount="2" falsecount="0"/>
      <line num="199" count="1" type="stmt"/>
      <line num="202" count="2" type="stmt"/>
      <line num="211" count="5" type="cond" truecount="2" falsecount="0"/>
      <line num="212" count="1" type="stmt"/>
      <line num="215" count="4" type="stmt"/>
      <line num="216" count="3" type="cond" truecount="1" falsecount="1"/>
      <line num="217" count="0" type="stmt"/>
      <line num="220" count="3" type="cond" truecount="1" falsecount="1"/>
      <line num="221" count="0" type="stmt"/>
      <line num="224" count="3" type="cond" truecount="1" falsecount="1"/>
      <line num="225" count="0" type="stmt"/>
      <line num="228" count="3" type="cond" truecount="3" falsecount="1"/>
      <line num="229" count="0" type="stmt"/>
      <line num="232" count="3" type="cond" truecount="3" falsecount="1"/>
      <line num="233" count="0" type="stmt"/>
      <line num="236" count="3" type="cond" truecount="3" falsecount="1"/>
      <line num="237" count="0" type="stmt"/>
      <line num="241" count="4" type="cond" truecount="3" falsecount="1"/>
      <line num="242" count="0" type="stmt"/>
      <line num="245" count="4" type="cond" truecount="1" falsecount="1"/>
      <line num="246" count="0" type="stmt"/>
      <line num="249" count="4" type="cond" truecount="1" falsecount="1"/>
      <line num="250" count="0" type="stmt"/>
      <line num="253" count="4" type="cond" truecount="1" falsecount="1"/>
      <line num="254" count="0" type="stmt"/>
      <line num="257" count="4" type="cond" truecount="3" falsecount="1"/>
      <line num="258" count="0" type="stmt"/>
      <line num="263" count="3" type="cond" truecount="1" falsecount="1"/>
      <line num="264" count="0" type="stmt"/>
      <line num="267" count="3" type="stmt"/>
      <line num="268" count="4" type="cond" truecount="3" falsecount="1"/>
      <line num="269" count="0" type="stmt"/>
      <line num="272" count="4" type="cond" truecount="2" falsecount="0"/>
      <line num="273" count="1" type="stmt"/>
      <line num="276" count="3" type="cond" truecount="3" falsecount="1"/>
      <line num="277" count="0" type="stmt"/>
      <line num="280" count="3" type="cond" truecount="3" falsecount="1"/>
      <line num="281" count="0" type="stmt"/>
      <line num="284" count="3" type="cond" truecount="1" falsecount="1"/>
      <line num="285" count="0" type="stmt"/>
      <line num="288" count="3" type="stmt"/>
      <line num="289" count="3" type="cond" truecount="1" falsecount="1"/>
      <line num="290" count="0" type="stmt"/>
      <line num="293" count="3" type="cond" truecount="3" falsecount="1"/>
      <line num="294" count="0" type="stmt"/>
      <line num="297" count="3" type="cond" truecount="3" falsecount="1"/>
      <line num="298" count="0" type="stmt"/>
      <line num="302" count="3" type="cond" truecount="3" falsecount="1"/>
      <line num="303" count="0" type="stmt"/>
      <line num="306" count="3" type="cond" truecount="1" falsecount="1"/>
      <line num="307" count="0" type="stmt"/>
      <line num="311" count="2" type="cond" truecount="3" falsecount="1"/>
      <line num="312" count="0" type="stmt"/>
      <line num="315" count="2" type="cond" truecount="1" falsecount="1"/>
      <line num="316" count="0" type="stmt"/>
      <line num="324" count="8" type="stmt"/>
      <line num="325" count="8" type="stmt"/>
      <line num="328" count="0" type="stmt"/>
      <line num="329" count="0" type="cond" truecount="0" falsecount="2"/>
      <line num="330" count="0" type="stmt"/>
      <line num="331" count="0" type="stmt"/>
      <line num="333" count="0" type="stmt"/>
      <line num="338" count="0" type="stmt"/>
      <line num="339" count="0" type="cond" truecount="0" falsecount="2"/>
      <line num="340" count="0" type="stmt"/>
      <line num="341" count="0" type="stmt"/>
      <line num="343" count="0" type="stmt"/>
      <line num="347" count="0" type="stmt"/>
      <line num="355" count="2" type="stmt"/>
      <line num="358" count="2" type="stmt"/>
      <line num="360" count="2" type="cond" truecount="2" falsecount="0"/>
      <line num="361" count="1" type="stmt"/>
      <line num="364" count="1" type="stmt"/>
    </file>
    <file name="rules-auditor.ts" path="/home/dministrator/project/Director-Actor-Collaborater-MVP/lib/agents/rules-auditor.ts">
      <metrics statements="111" coveredstatements="73" conditionals="96" coveredconditionals="61" methods="13" coveredmethods="13"/>
      <line num="11" count="1" type="stmt"/>
      <line num="13" count="1" type="stmt"/>
      <line num="77" count="9" type="stmt"/>
      <line num="82" count="9" type="stmt"/>
      <line num="90" count="9" type="stmt"/>
      <line num="106" count="4" type="stmt"/>
      <line num="111" count="4" type="stmt"/>
      <line num="122" count="4" type="stmt"/>
      <line num="123" count="4" type="stmt"/>
      <line num="124" count="4" type="stmt"/>
      <line num="126" count="4" type="cond" truecount="1" falsecount="1"/>
      <line num="127" count="0" type="stmt"/>
      <line num="130" count="4" type="stmt"/>
      <line num="131" count="4" type="stmt"/>
      <line num="133" count="3" type="stmt"/>
      <line num="135" count="1" type="stmt"/>
      <line num="148" count="2" type="stmt"/>
      <line num="150" count="2" type="stmt"/>
      <line num="161" count="2" type="stmt"/>
      <line num="162" count="2" type="stmt"/>
      <line num="163" count="2" type="stmt"/>
      <line num="165" count="2" type="cond" truecount="1" falsecount="1"/>
      <line num="166" count="0" type="stmt"/>
      <line num="169" count="2" type="stmt"/>
      <line num="170" count="2" type="stmt"/>
      <line num="172" count="2" type="stmt"/>
      <line num="174" count="0" type="stmt"/>
      <line num="188" count="2" type="stmt"/>
      <line num="193" count="2" type="stmt"/>
      <line num="204" count="2" type="stmt"/>
      <line num="205" count="2" type="stmt"/>
      <line num="206" count="2" type="stmt"/>
      <line num="208" count="2" type="cond" truecount="1" falsecount="1"/>
      <line num="209" count="0" type="stmt"/>
      <line num="212" count="2" type="stmt"/>
      <line num="213" count="2" type="stmt"/>
      <line num="215" count="2" type="stmt"/>
      <line num="217" count="0" type="stmt"/>
      <line num="237" count="1" type="stmt"/>
      <line num="240" count="1" type="stmt"/>
      <line num="245" count="1" type="cond" truecount="1" falsecount="1"/>
      <line num="246" count="1" type="stmt"/>
      <line num="250" count="1" type="stmt"/>
      <line num="252" count="1" type="stmt"/>
      <line num="262" count="4" type="cond" truecount="2" falsecount="0"/>
      <line num="263" count="1" type="stmt"/>
      <line num="266" count="3" type="stmt"/>
      <line num="267" count="2" type="cond" truecount="3" falsecount="1"/>
      <line num="268" count="0" type="stmt"/>
      <line num="271" count="2" type="cond" truecount="3" falsecount="1"/>
      <line num="272" count="0" type="stmt"/>
      <line num="275" count="2" type="cond" truecount="3" falsecount="1"/>
      <line num="276" count="0" type="stmt"/>
      <line num="279" count="2" type="cond" truecount="3" falsecount="1"/>
      <line num="280" count="0" type="stmt"/>
      <line num="284" count="3" type="cond" truecount="3" falsecount="1"/>
      <line num="285" count="0" type="stmt"/>
      <line num="288" count="3" type="cond" truecount="1" falsecount="1"/>
      <line num="289" count="0" type="stmt"/>
      <line num="292" count="3" type="cond" truecount="1" falsecount="1"/>
      <line num="293" count="0" type="stmt"/>
      <line num="296" count="3" type="cond" truecount="1" falsecount="1"/>
      <line num="297" count="0" type="stmt"/>
      <line num="302" count="2" type="cond" truecount="1" falsecount="1"/>
      <line num="303" count="0" type="stmt"/>
      <line num="306" count="2" type="stmt"/>
      <line num="307" count="2" type="cond" truecount="3" falsecount="1"/>
      <line num="308" count="0" type="stmt"/>
      <line num="311" count="2" type="cond" truecount="3" falsecount="1"/>
      <line num="312" count="0" type="stmt"/>
      <line num="315" count="2" type="cond" truecount="3" falsecount="1"/>
      <line num="316" count="0" type="stmt"/>
      <line num="319" count="2" type="cond" truecount="1" falsecount="1"/>
      <line num="320" count="0" type="stmt"/>
      <line num="323" count="2" type="cond" truecount="3" falsecount="1"/>
      <line num="324" count="0" type="stmt"/>
      <line num="328" count="2" type="cond" truecount="3" falsecount="1"/>
      <line num="329" count="0" type="stmt"/>
      <line num="334" count="2" type="cond" truecount="1" falsecount="1"/>
      <line num="335" count="0" type="stmt"/>
      <line num="338" count="2" type="stmt"/>
      <line num="339" count="2" type="cond" truecount="3" falsecount="1"/>
      <line num="340" count="0" type="stmt"/>
      <line num="343" count="2" type="cond" truecount="3" falsecount="1"/>
      <line num="344" count="0" type="stmt"/>
      <line num="347" count="2" type="cond" truecount="1" falsecount="1"/>
      <line num="348" count="0" type="stmt"/>
      <line num="351" count="2" type="cond" truecount="1" falsecount="1"/>
      <line num="352" count="0" type="stmt"/>
      <line num="355" count="2" type="cond" truecount="3" falsecount="1"/>
      <line num="356" count="0" type="stmt"/>
      <line num="360" count="2" type="cond" truecount="3" falsecount="1"/>
      <line num="361" count="0" type="stmt"/>
      <line num="369" count="8" type="stmt"/>
      <line num="370" count="8" type="stmt"/>
      <line num="373" count="0" type="stmt"/>
      <line num="374" count="0" type="cond" truecount="0" falsecount="2"/>
      <line num="375" count="0" type="stmt"/>
      <line num="376" count="0" type="stmt"/>
      <line num="378" count="0" type="stmt"/>
      <line num="383" count="0" type="stmt"/>
      <line num="384" count="0" type="cond" truecount="0" falsecount="2"/>
      <line num="385" count="0" type="stmt"/>
      <line num="386" count="0" type="stmt"/>
      <line num="388" count="0" type="stmt"/>
      <line num="392" count="0" type="stmt"/>
      <line num="400" count="2" type="stmt"/>
      <line num="403" count="2" type="stmt"/>
      <line num="405" count="2" type="cond" truecount="2" falsecount="0"/>
      <line num="406" count="1" type="stmt"/>
      <line num="409" count="1" type="stmt"/>
    </file>
    <file name="thematic-polisher.ts" path="/home/dministrator/project/Director-Actor-Collaborater-MVP/lib/agents/thematic-polisher.ts">
      <metrics statements="112" coveredstatements="70" conditionals="138" coveredconditionals="101" methods="8" coveredmethods="8"/>
      <line num="10" count="1" type="stmt"/>
      <line num="12" count="1" type="stmt"/>
      <line num="84" count="8" type="stmt"/>
      <line num="89" count="8" type="stmt"/>
      <line num="97" count="8" type="stmt"/>
      <line num="114" count="3" type="stmt"/>
      <line num="120" count="3" type="stmt"/>
      <line num="131" count="3" type="stmt"/>
      <line num="132" count="3" type="stmt"/>
      <line num="133" count="3" type="stmt"/>
      <line num="135" count="3" type="cond" truecount="1" falsecount="1"/>
      <line num="136" count="0" type="stmt"/>
      <line num="139" count="3" type="stmt"/>
      <line num="140" count="3" type="stmt"/>
      <line num="142" count="2" type="stmt"/>
      <line num="144" count="1" type="stmt"/>
      <line num="158" count="3" type="stmt"/>
      <line num="163" count="3" type="stmt"/>
      <line num="174" count="3" type="stmt"/>
      <line num="175" count="3" type="stmt"/>
      <line num="176" count="3" type="stmt"/>
      <line num="178" count="3" type="cond" truecount="1" falsecount="1"/>
      <line num="179" count="0" type="stmt"/>
      <line num="182" count="3" type="stmt"/>
      <line num="183" count="3" type="stmt"/>
      <line num="185" count="2" type="stmt"/>
      <line num="187" count="1" type="stmt"/>
      <line num="206" count="1" type="stmt"/>
      <line num="213" count="1" type="stmt"/>
      <line num="218" count="1" type="stmt"/>
      <line num="227" count="3" type="cond" truecount="4" falsecount="0"/>
      <line num="228" count="1" type="stmt"/>
      <line num="231" count="2" type="stmt"/>
      <line num="233" count="2" type="cond" truecount="3" falsecount="1"/>
      <line num="234" count="0" type="stmt"/>
      <line num="237" count="2" type="cond" truecount="1" falsecount="1"/>
      <line num="238" count="0" type="stmt"/>
      <line num="241" count="2" type="cond" truecount="3" falsecount="1"/>
      <line num="242" count="0" type="stmt"/>
      <line num="245" count="2" type="cond" truecount="3" falsecount="1"/>
      <line num="246" count="0" type="stmt"/>
      <line num="249" count="2" type="cond" truecount="3" falsecount="1"/>
      <line num="250" count="0" type="stmt"/>
      <line num="253" count="2" type="cond" truecount="3" falsecount="1"/>
      <line num="254" count="0" type="stmt"/>
      <line num="257" count="2" type="cond" truecount="3" falsecount="1"/>
      <line num="258" count="0" type="stmt"/>
      <line num="261" count="2" type="cond" truecount="3" falsecount="1"/>
      <line num="262" count="0" type="stmt"/>
      <line num="265" count="2" type="cond" truecount="3" falsecount="1"/>
      <line num="266" count="0" type="stmt"/>
      <line num="269" count="2" type="cond" truecount="3" falsecount="1"/>
      <line num="270" count="0" type="stmt"/>
      <line num="275" count="3" type="cond" truecount="4" falsecount="0"/>
      <line num="276" count="1" type="stmt"/>
      <line num="279" count="2" type="stmt"/>
      <line num="281" count="2" type="cond" truecount="3" falsecount="1"/>
      <line num="282" count="0" type="stmt"/>
      <line num="286" count="2" type="cond" truecount="3" falsecount="1"/>
      <line num="287" count="0" type="stmt"/>
      <line num="290" count="2" type="cond" truecount="3" falsecount="1"/>
      <line num="291" count="0" type="stmt"/>
      <line num="294" count="2" type="cond" truecount="3" falsecount="1"/>
      <line num="295" count="0" type="stmt"/>
      <line num="298" count="2" type="cond" truecount="3" falsecount="1"/>
      <line num="299" count="0" type="stmt"/>
      <line num="303" count="2" type="cond" truecount="3" falsecount="1"/>
      <line num="304" count="0" type="stmt"/>
      <line num="307" count="2" type="cond" truecount="3" falsecount="1"/>
      <line num="308" count="0" type="stmt"/>
      <line num="311" count="2" type="cond" truecount="3" falsecount="1"/>
      <line num="312" count="0" type="stmt"/>
      <line num="315" count="2" type="cond" truecount="3" falsecount="1"/>
      <line num="316" count="0" type="stmt"/>
      <line num="320" count="2" type="cond" truecount="3" falsecount="1"/>
      <line num="321" count="0" type="stmt"/>
      <line num="324" count="2" type="cond" truecount="3" falsecount="1"/>
      <line num="325" count="0" type="stmt"/>
      <line num="328" count="2" type="cond" truecount="3" falsecount="1"/>
      <line num="329" count="0" type="stmt"/>
      <line num="332" count="2" type="cond" truecount="3" falsecount="1"/>
      <line num="333" count="0" type="stmt"/>
      <line num="336" count="2" type="cond" truecount="3" falsecount="1"/>
      <line num="337" count="0" type="stmt"/>
      <line num="341" count="2" type="cond" truecount="3" falsecount="1"/>
      <line num="342" count="0" type="stmt"/>
      <line num="345" count="2" type="cond" truecount="3" falsecount="1"/>
      <line num="346" count="0" type="stmt"/>
      <line num="349" count="2" type="cond" truecount="3" falsecount="1"/>
      <line num="350" count="0" type="stmt"/>
      <line num="353" count="2" type="cond" truecount="3" falsecount="1"/>
      <line num="354" count="0" type="stmt"/>
      <line num="357" count="2" type="cond" truecount="3" falsecount="1"/>
      <line num="358" count="0" type="stmt"/>
      <line num="366" count="6" type="stmt"/>
      <line num="367" count="6" type="stmt"/>
      <line num="370" count="0" type="stmt"/>
      <line num="371" count="0" type="cond" truecount="0" falsecount="2"/>
      <line num="372" count="0" type="stmt"/>
      <line num="373" count="0" type="stmt"/>
      <line num="375" count="0" type="stmt"/>
      <line num="380" count="0" type="stmt"/>
      <line num="381" count="0" type="cond" truecount="0" falsecount="2"/>
      <line num="382" count="0" type="stmt"/>
      <line num="383" count="0" type="stmt"/>
      <line num="385" count="0" type="stmt"/>
      <line num="389" count="0" type="stmt"/>
      <line num="397" count="2" type="stmt"/>
      <line num="400" count="2" type="stmt"/>
      <line num="402" count="2" type="cond" truecount="2" falsecount="0"/>
      <line num="403" count="1" type="stmt"/>
      <line num="406" count="1" type="stmt"/>
    </file>
  </project>
</coverage>
