{"/home/dministrator/project/Director-Actor-Collaborater-MVP/lib/agents/pacing-strategist.ts": {"path":"/home/dministrator/project/Director-Actor-Collaborater-MVP/lib/agents/pacing-strategist.ts","statementMap":{"0":{"start":{"line":74,"column":13},"end":{"line":74,"column":29}},"1":{"start":{"line":355,"column":16},"end":{"line":355,"column":38}},"2":{"start":{"line":10,"column":31},"end":{"line":10,"column":null}},"3":{"start":{"line":12,"column":46},"end":{"line":12,"column":null}},"4":{"start":{"line":79,"column":4},"end":{"line":85,"column":null}},"5":{"start":{"line":87,"column":4},"end":{"line":92,"column":null}},"6":{"start":{"line":103,"column":20},"end":{"line":105,"column":null}},"7":{"start":{"line":108,"column":41},"end":{"line":117,"column":null}},"8":{"start":{"line":119,"column":4},"end":{"line":135,"column":null}},"9":{"start":{"line":120,"column":23},"end":{"line":120,"column":null}},"10":{"start":{"line":121,"column":22},"end":{"line":121,"column":null}},"11":{"start":{"line":123,"column":6},"end":{"line":125,"column":null}},"12":{"start":{"line":124,"column":8},"end":{"line":124,"column":null}},"13":{"start":{"line":127,"column":21},"end":{"line":127,"column":null}},"14":{"start":{"line":128,"column":6},"end":{"line":128,"column":null}},"15":{"start":{"line":130,"column":6},"end":{"line":130,"column":null}},"16":{"start":{"line":132,"column":6},"end":{"line":133,"column":null}},"17":{"start":{"line":145,"column":20},"end":{"line":145,"column":null}},"18":{"start":{"line":147,"column":41},"end":{"line":156,"column":null}},"19":{"start":{"line":158,"column":4},"end":{"line":174,"column":null}},"20":{"start":{"line":159,"column":23},"end":{"line":159,"column":null}},"21":{"start":{"line":160,"column":22},"end":{"line":160,"column":null}},"22":{"start":{"line":162,"column":6},"end":{"line":164,"column":null}},"23":{"start":{"line":163,"column":8},"end":{"line":163,"column":null}},"24":{"start":{"line":166,"column":21},"end":{"line":166,"column":null}},"25":{"start":{"line":167,"column":6},"end":{"line":167,"column":null}},"26":{"start":{"line":169,"column":6},"end":{"line":169,"column":null}},"27":{"start":{"line":171,"column":6},"end":{"line":172,"column":null}},"28":{"start":{"line":189,"column":21},"end":{"line":189,"column":null}},"29":{"start":{"line":192,"column":41},"end":{"line":196,"column":null}},"30":{"start":{"line":198,"column":4},"end":{"line":200,"column":null}},"31":{"start":{"line":199,"column":6},"end":{"line":199,"column":null}},"32":{"start":{"line":202,"column":4},"end":{"line":205,"column":null}},"33":{"start":{"line":211,"column":4},"end":{"line":213,"column":null}},"34":{"start":{"line":212,"column":6},"end":{"line":212,"column":null}},"35":{"start":{"line":215,"column":4},"end":{"line":239,"column":null}},"36":{"start":{"line":216,"column":6},"end":{"line":218,"column":null}},"37":{"start":{"line":217,"column":8},"end":{"line":217,"column":null}},"38":{"start":{"line":220,"column":6},"end":{"line":222,"column":null}},"39":{"start":{"line":221,"column":8},"end":{"line":221,"column":null}},"40":{"start":{"line":224,"column":6},"end":{"line":226,"column":null}},"41":{"start":{"line":225,"column":8},"end":{"line":225,"column":null}},"42":{"start":{"line":228,"column":6},"end":{"line":230,"column":null}},"43":{"start":{"line":229,"column":8},"end":{"line":229,"column":null}},"44":{"start":{"line":232,"column":6},"end":{"line":234,"column":null}},"45":{"start":{"line":233,"column":8},"end":{"line":233,"column":null}},"46":{"start":{"line":236,"column":6},"end":{"line":238,"column":null}},"47":{"start":{"line":237,"column":8},"end":{"line":237,"column":null}},"48":{"start":{"line":241,"column":4},"end":{"line":243,"column":null}},"49":{"start":{"line":242,"column":6},"end":{"line":242,"column":null}},"50":{"start":{"line":245,"column":4},"end":{"line":247,"column":null}},"51":{"start":{"line":246,"column":6},"end":{"line":246,"column":null}},"52":{"start":{"line":249,"column":4},"end":{"line":251,"column":null}},"53":{"start":{"line":250,"column":6},"end":{"line":250,"column":null}},"54":{"start":{"line":253,"column":4},"end":{"line":255,"column":null}},"55":{"start":{"line":254,"column":6},"end":{"line":254,"column":null}},"56":{"start":{"line":257,"column":4},"end":{"line":259,"column":null}},"57":{"start":{"line":258,"column":6},"end":{"line":258,"column":null}},"58":{"start":{"line":263,"column":4},"end":{"line":265,"column":null}},"59":{"start":{"line":264,"column":6},"end":{"line":264,"column":null}},"60":{"start":{"line":267,"column":4},"end":{"line":309,"column":null}},"61":{"start":{"line":268,"column":6},"end":{"line":270,"column":null}},"62":{"start":{"line":269,"column":8},"end":{"line":269,"column":null}},"63":{"start":{"line":272,"column":6},"end":{"line":274,"column":null}},"64":{"start":{"line":273,"column":8},"end":{"line":273,"column":null}},"65":{"start":{"line":276,"column":6},"end":{"line":278,"column":null}},"66":{"start":{"line":277,"column":8},"end":{"line":277,"column":null}},"67":{"start":{"line":280,"column":6},"end":{"line":282,"column":null}},"68":{"start":{"line":281,"column":8},"end":{"line":281,"column":null}},"69":{"start":{"line":284,"column":6},"end":{"line":286,"column":null}},"70":{"start":{"line":285,"column":8},"end":{"line":285,"column":null}},"71":{"start":{"line":288,"column":6},"end":{"line":300,"column":null}},"72":{"start":{"line":289,"column":8},"end":{"line":291,"column":null}},"73":{"start":{"line":290,"column":10},"end":{"line":290,"column":null}},"74":{"start":{"line":293,"column":8},"end":{"line":295,"column":null}},"75":{"start":{"line":294,"column":10},"end":{"line":294,"column":null}},"76":{"start":{"line":297,"column":8},"end":{"line":299,"column":null}},"77":{"start":{"line":298,"column":10},"end":{"line":298,"column":null}},"78":{"start":{"line":302,"column":6},"end":{"line":304,"column":null}},"79":{"start":{"line":303,"column":8},"end":{"line":303,"column":null}},"80":{"start":{"line":306,"column":6},"end":{"line":308,"column":null}},"81":{"start":{"line":307,"column":8},"end":{"line":307,"column":null}},"82":{"start":{"line":311,"column":4},"end":{"line":313,"column":null}},"83":{"start":{"line":312,"column":6},"end":{"line":312,"column":null}},"84":{"start":{"line":315,"column":4},"end":{"line":317,"column":null}},"85":{"start":{"line":316,"column":6},"end":{"line":316,"column":null}},"86":{"start":{"line":324,"column":4},"end":{"line":348,"column":null}},"87":{"start":{"line":325,"column":6},"end":{"line":325,"column":null}},"88":{"start":{"line":328,"column":24},"end":{"line":328,"column":null}},"89":{"start":{"line":329,"column":6},"end":{"line":335,"column":null}},"90":{"start":{"line":330,"column":8},"end":{"line":334,"column":null}},"91":{"start":{"line":331,"column":10},"end":{"line":331,"column":null}},"92":{"start":{"line":333,"column":10},"end":{"line":333,"column":null}},"93":{"start":{"line":338,"column":26},"end":{"line":338,"column":null}},"94":{"start":{"line":339,"column":6},"end":{"line":345,"column":null}},"95":{"start":{"line":340,"column":8},"end":{"line":344,"column":null}},"96":{"start":{"line":341,"column":10},"end":{"line":341,"column":null}},"97":{"start":{"line":343,"column":10},"end":{"line":343,"column":null}},"98":{"start":{"line":347,"column":6},"end":{"line":347,"column":null}},"99":{"start":{"line":358,"column":17},"end":{"line":358,"column":45}},"100":{"start":{"line":360,"column":2},"end":{"line":362,"column":null}},"101":{"start":{"line":361,"column":4},"end":{"line":361,"column":null}},"102":{"start":{"line":364,"column":2},"end":{"line":367,"column":null}}},"fnMap":{"0":{"name":"(anonymous_3)","decl":{"start":{"line":78,"column":2},"end":{"line":78,"column":14}},"loc":{"start":{"line":78,"column":46},"end":{"line":93,"column":null}}},"1":{"name":"(anonymous_4)","decl":{"start":{"line":99,"column":2},"end":{"line":99,"column":8}},"loc":{"start":{"line":102,"column":29},"end":{"line":136,"column":null}}},"2":{"name":"(anonymous_5)","decl":{"start":{"line":142,"column":2},"end":{"line":142,"column":8}},"loc":{"start":{"line":144,"column":32},"end":{"line":175,"column":null}}},"3":{"name":"(anonymous_6)","decl":{"start":{"line":181,"column":2},"end":{"line":181,"column":8}},"loc":{"start":{"line":187,"column":5},"end":{"line":206,"column":null}}},"4":{"name":"(anonymous_7)","decl":{"start":{"line":210,"column":10},"end":{"line":210,"column":33}},"loc":{"start":{"line":210,"column":80},"end":{"line":260,"column":null}}},"5":{"name":"(anonymous_8)","decl":{"start":{"line":215,"column":32},"end":{"line":215,"column":33}},"loc":{"start":{"line":215,"column":45},"end":{"line":239,"column":null}}},"6":{"name":"(anonymous_9)","decl":{"start":{"line":262,"column":10},"end":{"line":262,"column":36}},"loc":{"start":{"line":262,"column":86},"end":{"line":318,"column":null}}},"7":{"name":"(anonymous_10)","decl":{"start":{"line":267,"column":30},"end":{"line":267,"column":31}},"loc":{"start":{"line":267,"column":46},"end":{"line":309,"column":null}}},"8":{"name":"(anonymous_11)","decl":{"start":{"line":288,"column":31},"end":{"line":288,"column":32}},"loc":{"start":{"line":288,"column":45},"end":{"line":300,"column":null}}},"9":{"name":"(anonymous_12)","decl":{"start":{"line":323,"column":2},"end":{"line":323,"column":22}},"loc":{"start":{"line":323,"column":43},"end":{"line":349,"column":null}}},"10":{"name":"createPacingStrategist","decl":{"start":{"line":355,"column":16},"end":{"line":355,"column":38}},"loc":{"start":{"line":356,"column":42},"end":{"line":368,"column":null}}}},"branchMap":{"0":{"loc":{"start":{"line":80,"column":19},"end":{"line":80,"column":null}},"type":"binary-expr","locations":[{"start":{"line":80,"column":19},"end":{"line":80,"column":52}},{"start":{"line":80,"column":56},"end":{"line":80,"column":null}}]},"1":{"loc":{"start":{"line":123,"column":6},"end":{"line":125,"column":null}},"type":"if","locations":[{"start":{"line":123,"column":6},"end":{"line":125,"column":null}},{"start":{},"end":{}}]},"2":{"loc":{"start":{"line":133,"column":39},"end":{"line":133,"column":96}},"type":"cond-expr","locations":[{"start":{"line":133,"column":64},"end":{"line":133,"column":77}},{"start":{"line":133,"column":80},"end":{"line":133,"column":96}}]},"3":{"loc":{"start":{"line":162,"column":6},"end":{"line":164,"column":null}},"type":"if","locations":[{"start":{"line":162,"column":6},"end":{"line":164,"column":null}},{"start":{},"end":{}}]},"4":{"loc":{"start":{"line":172,"column":35},"end":{"line":172,"column":92}},"type":"cond-expr","locations":[{"start":{"line":172,"column":60},"end":{"line":172,"column":73}},{"start":{"line":172,"column":76},"end":{"line":172,"column":92}}]},"5":{"loc":{"start":{"line":198,"column":4},"end":{"line":200,"column":null}},"type":"if","locations":[{"start":{"line":198,"column":4},"end":{"line":200,"column":null}},{"start":{},"end":{}}]},"6":{"loc":{"start":{"line":211,"column":4},"end":{"line":213,"column":null}},"type":"if","locations":[{"start":{"line":211,"column":4},"end":{"line":213,"column":null}},{"start":{},"end":{}}]},"7":{"loc":{"start":{"line":216,"column":6},"end":{"line":218,"column":null}},"type":"if","locations":[{"start":{"line":216,"column":6},"end":{"line":218,"column":null}},{"start":{},"end":{}}]},"8":{"loc":{"start":{"line":220,"column":6},"end":{"line":222,"column":null}},"type":"if","locations":[{"start":{"line":220,"column":6},"end":{"line":222,"column":null}},{"start":{},"end":{}}]},"9":{"loc":{"start":{"line":224,"column":6},"end":{"line":226,"column":null}},"type":"if","locations":[{"start":{"line":224,"column":6},"end":{"line":226,"column":null}},{"start":{},"end":{}}]},"10":{"loc":{"start":{"line":228,"column":6},"end":{"line":230,"column":null}},"type":"if","locations":[{"start":{"line":228,"column":6},"end":{"line":230,"column":null}},{"start":{},"end":{}}]},"11":{"loc":{"start":{"line":228,"column":10},"end":{"line":228,"column":71}},"type":"binary-expr","locations":[{"start":{"line":228,"column":10},"end":{"line":228,"column":28}},{"start":{"line":228,"column":32},"end":{"line":228,"column":71}}]},"12":{"loc":{"start":{"line":232,"column":6},"end":{"line":234,"column":null}},"type":"if","locations":[{"start":{"line":232,"column":6},"end":{"line":234,"column":null}},{"start":{},"end":{}}]},"13":{"loc":{"start":{"line":232,"column":10},"end":{"line":232,"column":65}},"type":"binary-expr","locations":[{"start":{"line":232,"column":10},"end":{"line":232,"column":25}},{"start":{"line":232,"column":29},"end":{"line":232,"column":65}}]},"14":{"loc":{"start":{"line":236,"column":6},"end":{"line":238,"column":null}},"type":"if","locations":[{"start":{"line":236,"column":6},"end":{"line":238,"column":null}},{"start":{},"end":{}}]},"15":{"loc":{"start":{"line":236,"column":10},"end":{"line":236,"column":77}},"type":"binary-expr","locations":[{"start":{"line":236,"column":10},"end":{"line":236,"column":31}},{"start":{"line":236,"column":35},"end":{"line":236,"column":77}}]},"16":{"loc":{"start":{"line":241,"column":4},"end":{"line":243,"column":null}},"type":"if","locations":[{"start":{"line":241,"column":4},"end":{"line":243,"column":null}},{"start":{},"end":{}}]},"17":{"loc":{"start":{"line":241,"column":8},"end":{"line":241,"column":77}},"type":"binary-expr","locations":[{"start":{"line":241,"column":8},"end":{"line":241,"column":30}},{"start":{"line":241,"column":34},"end":{"line":241,"column":77}}]},"18":{"loc":{"start":{"line":245,"column":4},"end":{"line":247,"column":null}},"type":"if","locations":[{"start":{"line":245,"column":4},"end":{"line":247,"column":null}},{"start":{},"end":{}}]},"19":{"loc":{"start":{"line":249,"column":4},"end":{"line":251,"column":null}},"type":"if","locations":[{"start":{"line":249,"column":4},"end":{"line":251,"column":null}},{"start":{},"end":{}}]},"20":{"loc":{"start":{"line":253,"column":4},"end":{"line":255,"column":null}},"type":"if","locations":[{"start":{"line":253,"column":4},"end":{"line":255,"column":null}},{"start":{},"end":{}}]},"21":{"loc":{"start":{"line":257,"column":4},"end":{"line":259,"column":null}},"type":"if","locations":[{"start":{"line":257,"column":4},"end":{"line":259,"column":null}},{"start":{},"end":{}}]},"22":{"loc":{"start":{"line":257,"column":8},"end":{"line":257,"column":83}},"type":"binary-expr","locations":[{"start":{"line":257,"column":8},"end":{"line":257,"column":33}},{"start":{"line":257,"column":37},"end":{"line":257,"column":83}}]},"23":{"loc":{"start":{"line":263,"column":4},"end":{"line":265,"column":null}},"type":"if","locations":[{"start":{"line":263,"column":4},"end":{"line":265,"column":null}},{"start":{},"end":{}}]},"24":{"loc":{"start":{"line":268,"column":6},"end":{"line":270,"column":null}},"type":"if","locations":[{"start":{"line":268,"column":6},"end":{"line":270,"column":null}},{"start":{},"end":{}}]},"25":{"loc":{"start":{"line":268,"column":10},"end":{"line":268,"column":59}},"type":"binary-expr","locations":[{"start":{"line":268,"column":10},"end":{"line":268,"column":22}},{"start":{"line":268,"column":26},"end":{"line":268,"column":59}}]},"26":{"loc":{"start":{"line":272,"column":6},"end":{"line":274,"column":null}},"type":"if","locations":[{"start":{"line":272,"column":6},"end":{"line":274,"column":null}},{"start":{},"end":{}}]},"27":{"loc":{"start":{"line":276,"column":6},"end":{"line":278,"column":null}},"type":"if","locations":[{"start":{"line":276,"column":6},"end":{"line":278,"column":null}},{"start":{},"end":{}}]},"28":{"loc":{"start":{"line":276,"column":10},"end":{"line":276,"column":65}},"type":"binary-expr","locations":[{"start":{"line":276,"column":10},"end":{"line":276,"column":25}},{"start":{"line":276,"column":29},"end":{"line":276,"column":65}}]},"29":{"loc":{"start":{"line":280,"column":6},"end":{"line":282,"column":null}},"type":"if","locations":[{"start":{"line":280,"column":6},"end":{"line":282,"column":null}},{"start":{},"end":{}}]},"30":{"loc":{"start":{"line":280,"column":10},"end":{"line":280,"column":77}},"type":"binary-expr","locations":[{"start":{"line":280,"column":10},"end":{"line":280,"column":31}},{"start":{"line":280,"column":35},"end":{"line":280,"column":77}}]},"31":{"loc":{"start":{"line":284,"column":6},"end":{"line":286,"column":null}},"type":"if","locations":[{"start":{"line":284,"column":6},"end":{"line":286,"column":null}},{"start":{},"end":{}}]},"32":{"loc":{"start":{"line":289,"column":8},"end":{"line":291,"column":null}},"type":"if","locations":[{"start":{"line":289,"column":8},"end":{"line":291,"column":null}},{"start":{},"end":{}}]},"33":{"loc":{"start":{"line":293,"column":8},"end":{"line":295,"column":null}},"type":"if","locations":[{"start":{"line":293,"column":8},"end":{"line":295,"column":null}},{"start":{},"end":{}}]},"34":{"loc":{"start":{"line":293,"column":12},"end":{"line":293,"column":77}},"type":"binary-expr","locations":[{"start":{"line":293,"column":12},"end":{"line":293,"column":32}},{"start":{"line":293,"column":36},"end":{"line":293,"column":77}}]},"35":{"loc":{"start":{"line":297,"column":8},"end":{"line":299,"column":null}},"type":"if","locations":[{"start":{"line":297,"column":8},"end":{"line":299,"column":null}},{"start":{},"end":{}}]},"36":{"loc":{"start":{"line":297,"column":12},"end":{"line":297,"column":71}},"type":"binary-expr","locations":[{"start":{"line":297,"column":12},"end":{"line":297,"column":29}},{"start":{"line":297,"column":33},"end":{"line":297,"column":71}}]},"37":{"loc":{"start":{"line":302,"column":6},"end":{"line":304,"column":null}},"type":"if","locations":[{"start":{"line":302,"column":6},"end":{"line":304,"column":null}},{"start":{},"end":{}}]},"38":{"loc":{"start":{"line":302,"column":10},"end":{"line":302,"column":93}},"type":"binary-expr","locations":[{"start":{"line":302,"column":10},"end":{"line":302,"column":39}},{"start":{"line":302,"column":43},"end":{"line":302,"column":93}}]},"39":{"loc":{"start":{"line":306,"column":6},"end":{"line":308,"column":null}},"type":"if","locations":[{"start":{"line":306,"column":6},"end":{"line":308,"column":null}},{"start":{},"end":{}}]},"40":{"loc":{"start":{"line":311,"column":4},"end":{"line":313,"column":null}},"type":"if","locations":[{"start":{"line":311,"column":4},"end":{"line":313,"column":null}},{"start":{},"end":{}}]},"41":{"loc":{"start":{"line":311,"column":8},"end":{"line":311,"column":87}},"type":"binary-expr","locations":[{"start":{"line":311,"column":8},"end":{"line":311,"column":35}},{"start":{"line":311,"column":39},"end":{"line":311,"column":87}}]},"42":{"loc":{"start":{"line":315,"column":4},"end":{"line":317,"column":null}},"type":"if","locations":[{"start":{"line":315,"column":4},"end":{"line":317,"column":null}},{"start":{},"end":{}}]},"43":{"loc":{"start":{"line":329,"column":6},"end":{"line":335,"column":null}},"type":"if","locations":[{"start":{"line":329,"column":6},"end":{"line":335,"column":null}},{"start":{},"end":{}}]},"44":{"loc":{"start":{"line":339,"column":6},"end":{"line":345,"column":null}},"type":"if","locations":[{"start":{"line":339,"column":6},"end":{"line":345,"column":null}},{"start":{},"end":{}}]},"45":{"loc":{"start":{"line":360,"column":2},"end":{"line":362,"column":null}},"type":"if","locations":[{"start":{"line":360,"column":2},"end":{"line":362,"column":null}},{"start":{},"end":{}}]}},"s":{"0":10,"1":2,"2":1,"3":1,"4":10,"5":10,"6":5,"7":5,"8":5,"9":5,"10":5,"11":5,"12":0,"13":5,"14":5,"15":4,"16":1,"17":3,"18":3,"19":3,"20":3,"21":3,"22":3,"23":0,"24":3,"25":3,"26":2,"27":1,"28":2,"29":2,"30":2,"31":1,"32":2,"33":5,"34":1,"35":4,"36":3,"37":0,"38":3,"39":0,"40":3,"41":0,"42":3,"43":0,"44":3,"45":0,"46":3,"47":0,"48":4,"49":0,"50":4,"51":0,"52":4,"53":0,"54":4,"55":0,"56":4,"57":0,"58":3,"59":0,"60":3,"61":4,"62":0,"63":4,"64":1,"65":3,"66":0,"67":3,"68":0,"69":3,"70":0,"71":3,"72":3,"73":0,"74":3,"75":0,"76":3,"77":0,"78":3,"79":0,"80":3,"81":0,"82":2,"83":0,"84":2,"85":0,"86":8,"87":8,"88":0,"89":0,"90":0,"91":0,"92":0,"93":0,"94":0,"95":0,"96":0,"97":0,"98":0,"99":2,"100":2,"101":1,"102":1},"f":{"0":10,"1":5,"2":3,"3":2,"4":5,"5":3,"6":3,"7":4,"8":3,"9":8,"10":2},"b":{"0":[10,10],"1":[0,5],"2":[1,0],"3":[0,3],"4":[1,0],"5":[1,1],"6":[1,4],"7":[0,3],"8":[0,3],"9":[0,3],"10":[0,3],"11":[3,3],"12":[0,3],"13":[3,3],"14":[0,3],"15":[3,3],"16":[0,4],"17":[4,4],"18":[0,4],"19":[0,4],"20":[0,4],"21":[0,4],"22":[4,4],"23":[0,3],"24":[0,4],"25":[4,4],"26":[1,3],"27":[0,3],"28":[3,3],"29":[0,3],"30":[3,3],"31":[0,3],"32":[0,3],"33":[0,3],"34":[3,3],"35":[0,3],"36":[3,3],"37":[0,3],"38":[3,3],"39":[0,3],"40":[0,2],"41":[2,2],"42":[0,2],"43":[0,0],"44":[0,0],"45":[1,1]}}
,"/home/dministrator/project/Director-Actor-Collaborater-MVP/lib/agents/rules-auditor.ts": {"path":"/home/dministrator/project/Director-Actor-Collaborater-MVP/lib/agents/rules-auditor.ts","statementMap":{"0":{"start":{"line":77,"column":13},"end":{"line":77,"column":25}},"1":{"start":{"line":400,"column":16},"end":{"line":400,"column":34}},"2":{"start":{"line":11,"column":31},"end":{"line":11,"column":null}},"3":{"start":{"line":13,"column":42},"end":{"line":13,"column":null}},"4":{"start":{"line":82,"column":4},"end":{"line":88,"column":null}},"5":{"start":{"line":90,"column":4},"end":{"line":95,"column":null}},"6":{"start":{"line":106,"column":20},"end":{"line":108,"column":null}},"7":{"start":{"line":111,"column":41},"end":{"line":120,"column":null}},"8":{"start":{"line":122,"column":4},"end":{"line":138,"column":null}},"9":{"start":{"line":123,"column":23},"end":{"line":123,"column":null}},"10":{"start":{"line":124,"column":22},"end":{"line":124,"column":null}},"11":{"start":{"line":126,"column":6},"end":{"line":128,"column":null}},"12":{"start":{"line":127,"column":8},"end":{"line":127,"column":null}},"13":{"start":{"line":130,"column":21},"end":{"line":130,"column":null}},"14":{"start":{"line":131,"column":6},"end":{"line":131,"column":null}},"15":{"start":{"line":133,"column":6},"end":{"line":133,"column":null}},"16":{"start":{"line":135,"column":6},"end":{"line":136,"column":null}},"17":{"start":{"line":148,"column":20},"end":{"line":148,"column":null}},"18":{"start":{"line":150,"column":41},"end":{"line":159,"column":null}},"19":{"start":{"line":161,"column":4},"end":{"line":177,"column":null}},"20":{"start":{"line":162,"column":23},"end":{"line":162,"column":null}},"21":{"start":{"line":163,"column":22},"end":{"line":163,"column":null}},"22":{"start":{"line":165,"column":6},"end":{"line":167,"column":null}},"23":{"start":{"line":166,"column":8},"end":{"line":166,"column":null}},"24":{"start":{"line":169,"column":21},"end":{"line":169,"column":null}},"25":{"start":{"line":170,"column":6},"end":{"line":170,"column":null}},"26":{"start":{"line":172,"column":6},"end":{"line":172,"column":null}},"27":{"start":{"line":174,"column":6},"end":{"line":175,"column":null}},"28":{"start":{"line":188,"column":20},"end":{"line":190,"column":null}},"29":{"start":{"line":193,"column":41},"end":{"line":202,"column":null}},"30":{"start":{"line":204,"column":4},"end":{"line":220,"column":null}},"31":{"start":{"line":205,"column":23},"end":{"line":205,"column":null}},"32":{"start":{"line":206,"column":22},"end":{"line":206,"column":null}},"33":{"start":{"line":208,"column":6},"end":{"line":210,"column":null}},"34":{"start":{"line":209,"column":8},"end":{"line":209,"column":null}},"35":{"start":{"line":212,"column":21},"end":{"line":212,"column":null}},"36":{"start":{"line":213,"column":6},"end":{"line":213,"column":null}},"37":{"start":{"line":215,"column":6},"end":{"line":215,"column":null}},"38":{"start":{"line":217,"column":6},"end":{"line":218,"column":null}},"39":{"start":{"line":237,"column":18},"end":{"line":237,"column":null}},"40":{"start":{"line":240,"column":43},"end":{"line":243,"column":null}},"41":{"start":{"line":245,"column":4},"end":{"line":247,"column":null}},"42":{"start":{"line":246,"column":6},"end":{"line":246,"column":null}},"43":{"start":{"line":250,"column":22},"end":{"line":250,"column":null}},"44":{"start":{"line":252,"column":4},"end":{"line":256,"column":null}},"45":{"start":{"line":262,"column":4},"end":{"line":264,"column":null}},"46":{"start":{"line":263,"column":6},"end":{"line":263,"column":null}},"47":{"start":{"line":266,"column":4},"end":{"line":282,"column":null}},"48":{"start":{"line":267,"column":6},"end":{"line":269,"column":null}},"49":{"start":{"line":268,"column":8},"end":{"line":268,"column":null}},"50":{"start":{"line":271,"column":6},"end":{"line":273,"column":null}},"51":{"start":{"line":272,"column":8},"end":{"line":272,"column":null}},"52":{"start":{"line":275,"column":6},"end":{"line":277,"column":null}},"53":{"start":{"line":276,"column":8},"end":{"line":276,"column":null}},"54":{"start":{"line":279,"column":6},"end":{"line":281,"column":null}},"55":{"start":{"line":280,"column":8},"end":{"line":280,"column":null}},"56":{"start":{"line":284,"column":4},"end":{"line":286,"column":null}},"57":{"start":{"line":285,"column":6},"end":{"line":285,"column":null}},"58":{"start":{"line":288,"column":4},"end":{"line":290,"column":null}},"59":{"start":{"line":289,"column":6},"end":{"line":289,"column":null}},"60":{"start":{"line":292,"column":4},"end":{"line":294,"column":null}},"61":{"start":{"line":293,"column":6},"end":{"line":293,"column":null}},"62":{"start":{"line":296,"column":4},"end":{"line":298,"column":null}},"63":{"start":{"line":297,"column":6},"end":{"line":297,"column":null}},"64":{"start":{"line":302,"column":4},"end":{"line":304,"column":null}},"65":{"start":{"line":303,"column":6},"end":{"line":303,"column":null}},"66":{"start":{"line":306,"column":4},"end":{"line":326,"column":null}},"67":{"start":{"line":307,"column":6},"end":{"line":309,"column":null}},"68":{"start":{"line":308,"column":8},"end":{"line":308,"column":null}},"69":{"start":{"line":311,"column":6},"end":{"line":313,"column":null}},"70":{"start":{"line":312,"column":8},"end":{"line":312,"column":null}},"71":{"start":{"line":315,"column":6},"end":{"line":317,"column":null}},"72":{"start":{"line":316,"column":8},"end":{"line":316,"column":null}},"73":{"start":{"line":319,"column":6},"end":{"line":321,"column":null}},"74":{"start":{"line":320,"column":8},"end":{"line":320,"column":null}},"75":{"start":{"line":323,"column":6},"end":{"line":325,"column":null}},"76":{"start":{"line":324,"column":8},"end":{"line":324,"column":null}},"77":{"start":{"line":328,"column":4},"end":{"line":330,"column":null}},"78":{"start":{"line":329,"column":6},"end":{"line":329,"column":null}},"79":{"start":{"line":334,"column":4},"end":{"line":336,"column":null}},"80":{"start":{"line":335,"column":6},"end":{"line":335,"column":null}},"81":{"start":{"line":338,"column":4},"end":{"line":358,"column":null}},"82":{"start":{"line":339,"column":6},"end":{"line":341,"column":null}},"83":{"start":{"line":340,"column":8},"end":{"line":340,"column":null}},"84":{"start":{"line":343,"column":6},"end":{"line":345,"column":null}},"85":{"start":{"line":344,"column":8},"end":{"line":344,"column":null}},"86":{"start":{"line":347,"column":6},"end":{"line":349,"column":null}},"87":{"start":{"line":348,"column":8},"end":{"line":348,"column":null}},"88":{"start":{"line":351,"column":6},"end":{"line":353,"column":null}},"89":{"start":{"line":352,"column":8},"end":{"line":352,"column":null}},"90":{"start":{"line":355,"column":6},"end":{"line":357,"column":null}},"91":{"start":{"line":356,"column":8},"end":{"line":356,"column":null}},"92":{"start":{"line":360,"column":4},"end":{"line":362,"column":null}},"93":{"start":{"line":361,"column":6},"end":{"line":361,"column":null}},"94":{"start":{"line":369,"column":4},"end":{"line":393,"column":null}},"95":{"start":{"line":370,"column":6},"end":{"line":370,"column":null}},"96":{"start":{"line":373,"column":24},"end":{"line":373,"column":null}},"97":{"start":{"line":374,"column":6},"end":{"line":380,"column":null}},"98":{"start":{"line":375,"column":8},"end":{"line":379,"column":null}},"99":{"start":{"line":376,"column":10},"end":{"line":376,"column":null}},"100":{"start":{"line":378,"column":10},"end":{"line":378,"column":null}},"101":{"start":{"line":383,"column":26},"end":{"line":383,"column":null}},"102":{"start":{"line":384,"column":6},"end":{"line":390,"column":null}},"103":{"start":{"line":385,"column":8},"end":{"line":389,"column":null}},"104":{"start":{"line":386,"column":10},"end":{"line":386,"column":null}},"105":{"start":{"line":388,"column":10},"end":{"line":388,"column":null}},"106":{"start":{"line":392,"column":6},"end":{"line":392,"column":null}},"107":{"start":{"line":403,"column":17},"end":{"line":403,"column":45}},"108":{"start":{"line":405,"column":2},"end":{"line":407,"column":null}},"109":{"start":{"line":406,"column":4},"end":{"line":406,"column":null}},"110":{"start":{"line":409,"column":2},"end":{"line":412,"column":null}}},"fnMap":{"0":{"name":"(anonymous_3)","decl":{"start":{"line":81,"column":2},"end":{"line":81,"column":14}},"loc":{"start":{"line":81,"column":42},"end":{"line":96,"column":null}}},"1":{"name":"(anonymous_4)","decl":{"start":{"line":102,"column":2},"end":{"line":102,"column":8}},"loc":{"start":{"line":105,"column":26},"end":{"line":139,"column":null}}},"2":{"name":"(anonymous_5)","decl":{"start":{"line":145,"column":2},"end":{"line":145,"column":8}},"loc":{"start":{"line":147,"column":33},"end":{"line":178,"column":null}}},"3":{"name":"(anonymous_6)","decl":{"start":{"line":184,"column":2},"end":{"line":184,"column":8}},"loc":{"start":{"line":187,"column":30},"end":{"line":221,"column":null}}},"4":{"name":"(anonymous_7)","decl":{"start":{"line":227,"column":2},"end":{"line":227,"column":8}},"loc":{"start":{"line":235,"column":5},"end":{"line":257,"column":null}}},"5":{"name":"(anonymous_8)","decl":{"start":{"line":261,"column":10},"end":{"line":261,"column":30}},"loc":{"start":{"line":261,"column":74},"end":{"line":299,"column":null}}},"6":{"name":"(anonymous_9)","decl":{"start":{"line":266,"column":35},"end":{"line":266,"column":36}},"loc":{"start":{"line":266,"column":47},"end":{"line":282,"column":null}}},"7":{"name":"(anonymous_10)","decl":{"start":{"line":301,"column":10},"end":{"line":301,"column":37}},"loc":{"start":{"line":301,"column":88},"end":{"line":331,"column":null}}},"8":{"name":"(anonymous_11)","decl":{"start":{"line":306,"column":29},"end":{"line":306,"column":30}},"loc":{"start":{"line":306,"column":45},"end":{"line":326,"column":null}}},"9":{"name":"(anonymous_12)","decl":{"start":{"line":333,"column":10},"end":{"line":333,"column":34}},"loc":{"start":{"line":333,"column":82},"end":{"line":363,"column":null}}},"10":{"name":"(anonymous_13)","decl":{"start":{"line":338,"column":39},"end":{"line":338,"column":40}},"loc":{"start":{"line":338,"column":55},"end":{"line":358,"column":null}}},"11":{"name":"(anonymous_14)","decl":{"start":{"line":368,"column":2},"end":{"line":368,"column":22}},"loc":{"start":{"line":368,"column":43},"end":{"line":394,"column":null}}},"12":{"name":"createRulesAuditor","decl":{"start":{"line":400,"column":16},"end":{"line":400,"column":34}},"loc":{"start":{"line":401,"column":38},"end":{"line":413,"column":null}}}},"branchMap":{"0":{"loc":{"start":{"line":83,"column":19},"end":{"line":83,"column":null}},"type":"binary-expr","locations":[{"start":{"line":83,"column":19},"end":{"line":83,"column":52}},{"start":{"line":83,"column":56},"end":{"line":83,"column":null}}]},"1":{"loc":{"start":{"line":126,"column":6},"end":{"line":128,"column":null}},"type":"if","locations":[{"start":{"line":126,"column":6},"end":{"line":128,"column":null}},{"start":{},"end":{}}]},"2":{"loc":{"start":{"line":136,"column":28},"end":{"line":136,"column":85}},"type":"cond-expr","locations":[{"start":{"line":136,"column":53},"end":{"line":136,"column":66}},{"start":{"line":136,"column":69},"end":{"line":136,"column":85}}]},"3":{"loc":{"start":{"line":165,"column":6},"end":{"line":167,"column":null}},"type":"if","locations":[{"start":{"line":165,"column":6},"end":{"line":167,"column":null}},{"start":{},"end":{}}]},"4":{"loc":{"start":{"line":175,"column":35},"end":{"line":175,"column":92}},"type":"cond-expr","locations":[{"start":{"line":175,"column":60},"end":{"line":175,"column":73}},{"start":{"line":175,"column":76},"end":{"line":175,"column":92}}]},"5":{"loc":{"start":{"line":208,"column":6},"end":{"line":210,"column":null}},"type":"if","locations":[{"start":{"line":208,"column":6},"end":{"line":210,"column":null}},{"start":{},"end":{}}]},"6":{"loc":{"start":{"line":218,"column":32},"end":{"line":218,"column":89}},"type":"cond-expr","locations":[{"start":{"line":218,"column":57},"end":{"line":218,"column":70}},{"start":{"line":218,"column":73},"end":{"line":218,"column":89}}]},"7":{"loc":{"start":{"line":245,"column":4},"end":{"line":247,"column":null}},"type":"if","locations":[{"start":{"line":245,"column":4},"end":{"line":247,"column":null}},{"start":{},"end":{}}]},"8":{"loc":{"start":{"line":262,"column":4},"end":{"line":264,"column":null}},"type":"if","locations":[{"start":{"line":262,"column":4},"end":{"line":264,"column":null}},{"start":{},"end":{}}]},"9":{"loc":{"start":{"line":267,"column":6},"end":{"line":269,"column":null}},"type":"if","locations":[{"start":{"line":267,"column":6},"end":{"line":269,"column":null}},{"start":{},"end":{}}]},"10":{"loc":{"start":{"line":267,"column":10},"end":{"line":267,"column":55}},"type":"binary-expr","locations":[{"start":{"line":267,"column":10},"end":{"line":267,"column":20}},{"start":{"line":267,"column":24},"end":{"line":267,"column":55}}]},"11":{"loc":{"start":{"line":271,"column":6},"end":{"line":273,"column":null}},"type":"if","locations":[{"start":{"line":271,"column":6},"end":{"line":273,"column":null}},{"start":{},"end":{}}]},"12":{"loc":{"start":{"line":271,"column":10},"end":{"line":271,"column":63}},"type":"binary-expr","locations":[{"start":{"line":271,"column":10},"end":{"line":271,"column":24}},{"start":{"line":271,"column":28},"end":{"line":271,"column":63}}]},"13":{"loc":{"start":{"line":275,"column":6},"end":{"line":277,"column":null}},"type":"if","locations":[{"start":{"line":275,"column":6},"end":{"line":277,"column":null}},{"start":{},"end":{}}]},"14":{"loc":{"start":{"line":275,"column":10},"end":{"line":275,"column":65}},"type":"binary-expr","locations":[{"start":{"line":275,"column":10},"end":{"line":275,"column":25}},{"start":{"line":275,"column":29},"end":{"line":275,"column":65}}]},"15":{"loc":{"start":{"line":279,"column":6},"end":{"line":281,"column":null}},"type":"if","locations":[{"start":{"line":279,"column":6},"end":{"line":281,"column":null}},{"start":{},"end":{}}]},"16":{"loc":{"start":{"line":279,"column":10},"end":{"line":279,"column":59}},"type":"binary-expr","locations":[{"start":{"line":279,"column":10},"end":{"line":279,"column":22}},{"start":{"line":279,"column":26},"end":{"line":279,"column":59}}]},"17":{"loc":{"start":{"line":284,"column":4},"end":{"line":286,"column":null}},"type":"if","locations":[{"start":{"line":284,"column":4},"end":{"line":286,"column":null}},{"start":{},"end":{}}]},"18":{"loc":{"start":{"line":284,"column":8},"end":{"line":284,"column":63}},"type":"binary-expr","locations":[{"start":{"line":284,"column":8},"end":{"line":284,"column":23}},{"start":{"line":284,"column":27},"end":{"line":284,"column":63}}]},"19":{"loc":{"start":{"line":288,"column":4},"end":{"line":290,"column":null}},"type":"if","locations":[{"start":{"line":288,"column":4},"end":{"line":290,"column":null}},{"start":{},"end":{}}]},"20":{"loc":{"start":{"line":292,"column":4},"end":{"line":294,"column":null}},"type":"if","locations":[{"start":{"line":292,"column":4},"end":{"line":294,"column":null}},{"start":{},"end":{}}]},"21":{"loc":{"start":{"line":296,"column":4},"end":{"line":298,"column":null}},"type":"if","locations":[{"start":{"line":296,"column":4},"end":{"line":298,"column":null}},{"start":{},"end":{}}]},"22":{"loc":{"start":{"line":302,"column":4},"end":{"line":304,"column":null}},"type":"if","locations":[{"start":{"line":302,"column":4},"end":{"line":304,"column":null}},{"start":{},"end":{}}]},"23":{"loc":{"start":{"line":307,"column":6},"end":{"line":309,"column":null}},"type":"if","locations":[{"start":{"line":307,"column":6},"end":{"line":309,"column":null}},{"start":{},"end":{}}]},"24":{"loc":{"start":{"line":307,"column":10},"end":{"line":307,"column":59}},"type":"binary-expr","locations":[{"start":{"line":307,"column":10},"end":{"line":307,"column":22}},{"start":{"line":307,"column":26},"end":{"line":307,"column":59}}]},"25":{"loc":{"start":{"line":311,"column":6},"end":{"line":313,"column":null}},"type":"if","locations":[{"start":{"line":311,"column":6},"end":{"line":313,"column":null}},{"start":{},"end":{}}]},"26":{"loc":{"start":{"line":311,"column":10},"end":{"line":311,"column":65}},"type":"binary-expr","locations":[{"start":{"line":311,"column":10},"end":{"line":311,"column":25}},{"start":{"line":311,"column":29},"end":{"line":311,"column":65}}]},"27":{"loc":{"start":{"line":315,"column":6},"end":{"line":317,"column":null}},"type":"if","locations":[{"start":{"line":315,"column":6},"end":{"line":317,"column":null}},{"start":{},"end":{}}]},"28":{"loc":{"start":{"line":315,"column":10},"end":{"line":315,"column":75}},"type":"binary-expr","locations":[{"start":{"line":315,"column":10},"end":{"line":315,"column":30}},{"start":{"line":315,"column":34},"end":{"line":315,"column":75}}]},"29":{"loc":{"start":{"line":319,"column":6},"end":{"line":321,"column":null}},"type":"if","locations":[{"start":{"line":319,"column":6},"end":{"line":321,"column":null}},{"start":{},"end":{}}]},"30":{"loc":{"start":{"line":323,"column":6},"end":{"line":325,"column":null}},"type":"if","locations":[{"start":{"line":323,"column":6},"end":{"line":325,"column":null}},{"start":{},"end":{}}]},"31":{"loc":{"start":{"line":323,"column":10},"end":{"line":323,"column":77}},"type":"binary-expr","locations":[{"start":{"line":323,"column":10},"end":{"line":323,"column":31}},{"start":{"line":323,"column":35},"end":{"line":323,"column":77}}]},"32":{"loc":{"start":{"line":328,"column":4},"end":{"line":330,"column":null}},"type":"if","locations":[{"start":{"line":328,"column":4},"end":{"line":330,"column":null}},{"start":{},"end":{}}]},"33":{"loc":{"start":{"line":328,"column":8},"end":{"line":328,"column":77}},"type":"binary-expr","locations":[{"start":{"line":328,"column":8},"end":{"line":328,"column":30}},{"start":{"line":328,"column":34},"end":{"line":328,"column":77}}]},"34":{"loc":{"start":{"line":334,"column":4},"end":{"line":336,"column":null}},"type":"if","locations":[{"start":{"line":334,"column":4},"end":{"line":336,"column":null}},{"start":{},"end":{}}]},"35":{"loc":{"start":{"line":339,"column":6},"end":{"line":341,"column":null}},"type":"if","locations":[{"start":{"line":339,"column":6},"end":{"line":341,"column":null}},{"start":{},"end":{}}]},"36":{"loc":{"start":{"line":339,"column":10},"end":{"line":339,"column":71}},"type":"binary-expr","locations":[{"start":{"line":339,"column":10},"end":{"line":339,"column":28}},{"start":{"line":339,"column":32},"end":{"line":339,"column":71}}]},"37":{"loc":{"start":{"line":343,"column":6},"end":{"line":345,"column":null}},"type":"if","locations":[{"start":{"line":343,"column":6},"end":{"line":345,"column":null}},{"start":{},"end":{}}]},"38":{"loc":{"start":{"line":343,"column":10},"end":{"line":343,"column":87}},"type":"binary-expr","locations":[{"start":{"line":343,"column":10},"end":{"line":343,"column":36}},{"start":{"line":343,"column":40},"end":{"line":343,"column":87}}]},"39":{"loc":{"start":{"line":347,"column":6},"end":{"line":349,"column":null}},"type":"if","locations":[{"start":{"line":347,"column":6},"end":{"line":349,"column":null}},{"start":{},"end":{}}]},"40":{"loc":{"start":{"line":351,"column":6},"end":{"line":353,"column":null}},"type":"if","locations":[{"start":{"line":351,"column":6},"end":{"line":353,"column":null}},{"start":{},"end":{}}]},"41":{"loc":{"start":{"line":355,"column":6},"end":{"line":357,"column":null}},"type":"if","locations":[{"start":{"line":355,"column":6},"end":{"line":357,"column":null}},{"start":{},"end":{}}]},"42":{"loc":{"start":{"line":355,"column":10},"end":{"line":355,"column":83}},"type":"binary-expr","locations":[{"start":{"line":355,"column":10},"end":{"line":355,"column":34}},{"start":{"line":355,"column":38},"end":{"line":355,"column":83}}]},"43":{"loc":{"start":{"line":360,"column":4},"end":{"line":362,"column":null}},"type":"if","locations":[{"start":{"line":360,"column":4},"end":{"line":362,"column":null}},{"start":{},"end":{}}]},"44":{"loc":{"start":{"line":360,"column":8},"end":{"line":360,"column":85}},"type":"binary-expr","locations":[{"start":{"line":360,"column":8},"end":{"line":360,"column":34}},{"start":{"line":360,"column":38},"end":{"line":360,"column":85}}]},"45":{"loc":{"start":{"line":374,"column":6},"end":{"line":380,"column":null}},"type":"if","locations":[{"start":{"line":374,"column":6},"end":{"line":380,"column":null}},{"start":{},"end":{}}]},"46":{"loc":{"start":{"line":384,"column":6},"end":{"line":390,"column":null}},"type":"if","locations":[{"start":{"line":384,"column":6},"end":{"line":390,"column":null}},{"start":{},"end":{}}]},"47":{"loc":{"start":{"line":405,"column":2},"end":{"line":407,"column":null}},"type":"if","locations":[{"start":{"line":405,"column":2},"end":{"line":407,"column":null}},{"start":{},"end":{}}]}},"s":{"0":9,"1":2,"2":1,"3":1,"4":9,"5":9,"6":4,"7":4,"8":4,"9":4,"10":4,"11":4,"12":0,"13":4,"14":4,"15":3,"16":1,"17":2,"18":2,"19":2,"20":2,"21":2,"22":2,"23":0,"24":2,"25":2,"26":2,"27":0,"28":2,"29":2,"30":2,"31":2,"32":2,"33":2,"34":0,"35":2,"36":2,"37":2,"38":0,"39":1,"40":1,"41":1,"42":1,"43":1,"44":1,"45":4,"46":1,"47":3,"48":2,"49":0,"50":2,"51":0,"52":2,"53":0,"54":2,"55":0,"56":3,"57":0,"58":3,"59":0,"60":3,"61":0,"62":3,"63":0,"64":2,"65":0,"66":2,"67":2,"68":0,"69":2,"70":0,"71":2,"72":0,"73":2,"74":0,"75":2,"76":0,"77":2,"78":0,"79":2,"80":0,"81":2,"82":2,"83":0,"84":2,"85":0,"86":2,"87":0,"88":2,"89":0,"90":2,"91":0,"92":2,"93":0,"94":8,"95":8,"96":0,"97":0,"98":0,"99":0,"100":0,"101":0,"102":0,"103":0,"104":0,"105":0,"106":0,"107":2,"108":2,"109":1,"110":1},"f":{"0":9,"1":4,"2":2,"3":2,"4":1,"5":4,"6":2,"7":2,"8":2,"9":2,"10":2,"11":8,"12":2},"b":{"0":[9,9],"1":[0,4],"2":[1,0],"3":[0,2],"4":[0,0],"5":[0,2],"6":[0,0],"7":[1,0],"8":[1,3],"9":[0,2],"10":[2,2],"11":[0,2],"12":[2,2],"13":[0,2],"14":[2,2],"15":[0,2],"16":[2,2],"17":[0,3],"18":[3,3],"19":[0,3],"20":[0,3],"21":[0,3],"22":[0,2],"23":[0,2],"24":[2,2],"25":[0,2],"26":[2,2],"27":[0,2],"28":[2,2],"29":[0,2],"30":[0,2],"31":[2,2],"32":[0,2],"33":[2,2],"34":[0,2],"35":[0,2],"36":[2,2],"37":[0,2],"38":[2,2],"39":[0,2],"40":[0,2],"41":[0,2],"42":[2,2],"43":[0,2],"44":[2,2],"45":[0,0],"46":[0,0],"47":[1,1]}}
,"/home/dministrator/project/Director-Actor-Collaborater-MVP/lib/agents/thematic-polisher.ts": {"path":"/home/dministrator/project/Director-Actor-Collaborater-MVP/lib/agents/thematic-polisher.ts","statementMap":{"0":{"start":{"line":84,"column":13},"end":{"line":84,"column":29}},"1":{"start":{"line":397,"column":16},"end":{"line":397,"column":38}},"2":{"start":{"line":10,"column":31},"end":{"line":10,"column":null}},"3":{"start":{"line":12,"column":46},"end":{"line":12,"column":null}},"4":{"start":{"line":89,"column":4},"end":{"line":95,"column":null}},"5":{"start":{"line":97,"column":4},"end":{"line":102,"column":null}},"6":{"start":{"line":114,"column":20},"end":{"line":117,"column":null}},"7":{"start":{"line":120,"column":41},"end":{"line":129,"column":null}},"8":{"start":{"line":131,"column":4},"end":{"line":147,"column":null}},"9":{"start":{"line":132,"column":23},"end":{"line":132,"column":null}},"10":{"start":{"line":133,"column":22},"end":{"line":133,"column":null}},"11":{"start":{"line":135,"column":6},"end":{"line":137,"column":null}},"12":{"start":{"line":136,"column":8},"end":{"line":136,"column":null}},"13":{"start":{"line":139,"column":21},"end":{"line":139,"column":null}},"14":{"start":{"line":140,"column":6},"end":{"line":140,"column":null}},"15":{"start":{"line":142,"column":6},"end":{"line":142,"column":null}},"16":{"start":{"line":144,"column":6},"end":{"line":145,"column":null}},"17":{"start":{"line":158,"column":20},"end":{"line":160,"column":null}},"18":{"start":{"line":163,"column":41},"end":{"line":172,"column":null}},"19":{"start":{"line":174,"column":4},"end":{"line":190,"column":null}},"20":{"start":{"line":175,"column":23},"end":{"line":175,"column":null}},"21":{"start":{"line":176,"column":22},"end":{"line":176,"column":null}},"22":{"start":{"line":178,"column":6},"end":{"line":180,"column":null}},"23":{"start":{"line":179,"column":8},"end":{"line":179,"column":null}},"24":{"start":{"line":182,"column":21},"end":{"line":182,"column":null}},"25":{"start":{"line":183,"column":6},"end":{"line":183,"column":null}},"26":{"start":{"line":185,"column":6},"end":{"line":185,"column":null}},"27":{"start":{"line":187,"column":6},"end":{"line":188,"column":null}},"28":{"start":{"line":206,"column":21},"end":{"line":209,"column":null}},"29":{"start":{"line":213,"column":17},"end":{"line":215,"column":null}},"30":{"start":{"line":218,"column":4},"end":{"line":221,"column":null}},"31":{"start":{"line":227,"column":4},"end":{"line":229,"column":null}},"32":{"start":{"line":228,"column":6},"end":{"line":228,"column":null}},"33":{"start":{"line":231,"column":20},"end":{"line":231,"column":43}},"34":{"start":{"line":233,"column":4},"end":{"line":235,"column":null}},"35":{"start":{"line":234,"column":6},"end":{"line":234,"column":null}},"36":{"start":{"line":237,"column":4},"end":{"line":239,"column":null}},"37":{"start":{"line":238,"column":6},"end":{"line":238,"column":null}},"38":{"start":{"line":241,"column":4},"end":{"line":243,"column":null}},"39":{"start":{"line":242,"column":6},"end":{"line":242,"column":null}},"40":{"start":{"line":245,"column":4},"end":{"line":247,"column":null}},"41":{"start":{"line":246,"column":6},"end":{"line":246,"column":null}},"42":{"start":{"line":249,"column":4},"end":{"line":251,"column":null}},"43":{"start":{"line":250,"column":6},"end":{"line":250,"column":null}},"44":{"start":{"line":253,"column":4},"end":{"line":255,"column":null}},"45":{"start":{"line":254,"column":6},"end":{"line":254,"column":null}},"46":{"start":{"line":257,"column":4},"end":{"line":259,"column":null}},"47":{"start":{"line":258,"column":6},"end":{"line":258,"column":null}},"48":{"start":{"line":261,"column":4},"end":{"line":263,"column":null}},"49":{"start":{"line":262,"column":6},"end":{"line":262,"column":null}},"50":{"start":{"line":265,"column":4},"end":{"line":267,"column":null}},"51":{"start":{"line":266,"column":6},"end":{"line":266,"column":null}},"52":{"start":{"line":269,"column":4},"end":{"line":271,"column":null}},"53":{"start":{"line":270,"column":6},"end":{"line":270,"column":null}},"54":{"start":{"line":275,"column":4},"end":{"line":277,"column":null}},"55":{"start":{"line":276,"column":6},"end":{"line":276,"column":null}},"56":{"start":{"line":279,"column":17},"end":{"line":279,"column":37}},"57":{"start":{"line":281,"column":4},"end":{"line":283,"column":null}},"58":{"start":{"line":282,"column":6},"end":{"line":282,"column":null}},"59":{"start":{"line":286,"column":4},"end":{"line":288,"column":null}},"60":{"start":{"line":287,"column":6},"end":{"line":287,"column":null}},"61":{"start":{"line":290,"column":4},"end":{"line":292,"column":null}},"62":{"start":{"line":291,"column":6},"end":{"line":291,"column":null}},"63":{"start":{"line":294,"column":4},"end":{"line":296,"column":null}},"64":{"start":{"line":295,"column":6},"end":{"line":295,"column":null}},"65":{"start":{"line":298,"column":4},"end":{"line":300,"column":null}},"66":{"start":{"line":299,"column":6},"end":{"line":299,"column":null}},"67":{"start":{"line":303,"column":4},"end":{"line":305,"column":null}},"68":{"start":{"line":304,"column":6},"end":{"line":304,"column":null}},"69":{"start":{"line":307,"column":4},"end":{"line":309,"column":null}},"70":{"start":{"line":308,"column":6},"end":{"line":308,"column":null}},"71":{"start":{"line":311,"column":4},"end":{"line":313,"column":null}},"72":{"start":{"line":312,"column":6},"end":{"line":312,"column":null}},"73":{"start":{"line":315,"column":4},"end":{"line":317,"column":null}},"74":{"start":{"line":316,"column":6},"end":{"line":316,"column":null}},"75":{"start":{"line":320,"column":4},"end":{"line":322,"column":null}},"76":{"start":{"line":321,"column":6},"end":{"line":321,"column":null}},"77":{"start":{"line":324,"column":4},"end":{"line":326,"column":null}},"78":{"start":{"line":325,"column":6},"end":{"line":325,"column":null}},"79":{"start":{"line":328,"column":4},"end":{"line":330,"column":null}},"80":{"start":{"line":329,"column":6},"end":{"line":329,"column":null}},"81":{"start":{"line":332,"column":4},"end":{"line":334,"column":null}},"82":{"start":{"line":333,"column":6},"end":{"line":333,"column":null}},"83":{"start":{"line":336,"column":4},"end":{"line":338,"column":null}},"84":{"start":{"line":337,"column":6},"end":{"line":337,"column":null}},"85":{"start":{"line":341,"column":4},"end":{"line":343,"column":null}},"86":{"start":{"line":342,"column":6},"end":{"line":342,"column":null}},"87":{"start":{"line":345,"column":4},"end":{"line":347,"column":null}},"88":{"start":{"line":346,"column":6},"end":{"line":346,"column":null}},"89":{"start":{"line":349,"column":4},"end":{"line":351,"column":null}},"90":{"start":{"line":350,"column":6},"end":{"line":350,"column":null}},"91":{"start":{"line":353,"column":4},"end":{"line":355,"column":null}},"92":{"start":{"line":354,"column":6},"end":{"line":354,"column":null}},"93":{"start":{"line":357,"column":4},"end":{"line":359,"column":null}},"94":{"start":{"line":358,"column":6},"end":{"line":358,"column":null}},"95":{"start":{"line":366,"column":4},"end":{"line":390,"column":null}},"96":{"start":{"line":367,"column":6},"end":{"line":367,"column":null}},"97":{"start":{"line":370,"column":24},"end":{"line":370,"column":null}},"98":{"start":{"line":371,"column":6},"end":{"line":377,"column":null}},"99":{"start":{"line":372,"column":8},"end":{"line":376,"column":null}},"100":{"start":{"line":373,"column":10},"end":{"line":373,"column":null}},"101":{"start":{"line":375,"column":10},"end":{"line":375,"column":null}},"102":{"start":{"line":380,"column":26},"end":{"line":380,"column":null}},"103":{"start":{"line":381,"column":6},"end":{"line":387,"column":null}},"104":{"start":{"line":382,"column":8},"end":{"line":386,"column":null}},"105":{"start":{"line":383,"column":10},"end":{"line":383,"column":null}},"106":{"start":{"line":385,"column":10},"end":{"line":385,"column":null}},"107":{"start":{"line":389,"column":6},"end":{"line":389,"column":null}},"108":{"start":{"line":400,"column":17},"end":{"line":400,"column":45}},"109":{"start":{"line":402,"column":2},"end":{"line":404,"column":null}},"110":{"start":{"line":403,"column":4},"end":{"line":403,"column":null}},"111":{"start":{"line":406,"column":2},"end":{"line":409,"column":null}}},"fnMap":{"0":{"name":"(anonymous_3)","decl":{"start":{"line":88,"column":2},"end":{"line":88,"column":14}},"loc":{"start":{"line":88,"column":46},"end":{"line":103,"column":null}}},"1":{"name":"(anonymous_4)","decl":{"start":{"line":109,"column":2},"end":{"line":109,"column":8}},"loc":{"start":{"line":113,"column":30},"end":{"line":148,"column":null}}},"2":{"name":"(anonymous_5)","decl":{"start":{"line":154,"column":2},"end":{"line":154,"column":8}},"loc":{"start":{"line":157,"column":29},"end":{"line":191,"column":null}}},"3":{"name":"(anonymous_6)","decl":{"start":{"line":197,"column":2},"end":{"line":197,"column":8}},"loc":{"start":{"line":204,"column":5},"end":{"line":222,"column":null}}},"4":{"name":"(anonymous_7)","decl":{"start":{"line":226,"column":10},"end":{"line":226,"column":34}},"loc":{"start":{"line":226,"column":82},"end":{"line":272,"column":null}}},"5":{"name":"(anonymous_8)","decl":{"start":{"line":274,"column":10},"end":{"line":274,"column":33}},"loc":{"start":{"line":274,"column":80},"end":{"line":360,"column":null}}},"6":{"name":"(anonymous_9)","decl":{"start":{"line":365,"column":2},"end":{"line":365,"column":22}},"loc":{"start":{"line":365,"column":43},"end":{"line":391,"column":null}}},"7":{"name":"createThematicPolisher","decl":{"start":{"line":397,"column":16},"end":{"line":397,"column":38}},"loc":{"start":{"line":398,"column":42},"end":{"line":410,"column":null}}}},"branchMap":{"0":{"loc":{"start":{"line":90,"column":19},"end":{"line":90,"column":null}},"type":"binary-expr","locations":[{"start":{"line":90,"column":19},"end":{"line":90,"column":52}},{"start":{"line":90,"column":56},"end":{"line":90,"column":null}}]},"1":{"loc":{"start":{"line":135,"column":6},"end":{"line":137,"column":null}},"type":"if","locations":[{"start":{"line":135,"column":6},"end":{"line":137,"column":null}},{"start":{},"end":{}}]},"2":{"loc":{"start":{"line":145,"column":45},"end":{"line":145,"column":102}},"type":"cond-expr","locations":[{"start":{"line":145,"column":70},"end":{"line":145,"column":83}},{"start":{"line":145,"column":86},"end":{"line":145,"column":102}}]},"3":{"loc":{"start":{"line":178,"column":6},"end":{"line":180,"column":null}},"type":"if","locations":[{"start":{"line":178,"column":6},"end":{"line":180,"column":null}},{"start":{},"end":{}}]},"4":{"loc":{"start":{"line":188,"column":39},"end":{"line":188,"column":96}},"type":"cond-expr","locations":[{"start":{"line":188,"column":64},"end":{"line":188,"column":77}},{"start":{"line":188,"column":80},"end":{"line":188,"column":96}}]},"5":{"loc":{"start":{"line":227,"column":4},"end":{"line":229,"column":null}},"type":"if","locations":[{"start":{"line":227,"column":4},"end":{"line":229,"column":null}},{"start":{},"end":{}}]},"6":{"loc":{"start":{"line":227,"column":8},"end":{"line":227,"column":81}},"type":"binary-expr","locations":[{"start":{"line":227,"column":8},"end":{"line":227,"column":32}},{"start":{"line":227,"column":36},"end":{"line":227,"column":81}}]},"7":{"loc":{"start":{"line":233,"column":4},"end":{"line":235,"column":null}},"type":"if","locations":[{"start":{"line":233,"column":4},"end":{"line":235,"column":null}},{"start":{},"end":{}}]},"8":{"loc":{"start":{"line":233,"column":8},"end":{"line":233,"column":59}},"type":"binary-expr","locations":[{"start":{"line":233,"column":8},"end":{"line":233,"column":21}},{"start":{"line":233,"column":25},"end":{"line":233,"column":59}}]},"9":{"loc":{"start":{"line":237,"column":4},"end":{"line":239,"column":null}},"type":"if","locations":[{"start":{"line":237,"column":4},"end":{"line":239,"column":null}},{"start":{},"end":{}}]},"10":{"loc":{"start":{"line":241,"column":4},"end":{"line":243,"column":null}},"type":"if","locations":[{"start":{"line":241,"column":4},"end":{"line":243,"column":null}},{"start":{},"end":{}}]},"11":{"loc":{"start":{"line":241,"column":8},"end":{"line":241,"column":87}},"type":"binary-expr","locations":[{"start":{"line":241,"column":8},"end":{"line":241,"column":50}},{"start":{"line":241,"column":50},"end":{"line":241,"column":87}}]},"12":{"loc":{"start":{"line":245,"column":4},"end":{"line":247,"column":null}},"type":"if","locations":[{"start":{"line":245,"column":4},"end":{"line":247,"column":null}},{"start":{},"end":{}}]},"13":{"loc":{"start":{"line":245,"column":8},"end":{"line":245,"column":75}},"type":"binary-expr","locations":[{"start":{"line":245,"column":8},"end":{"line":245,"column":29}},{"start":{"line":245,"column":33},"end":{"line":245,"column":75}}]},"14":{"loc":{"start":{"line":249,"column":4},"end":{"line":251,"column":null}},"type":"if","locations":[{"start":{"line":249,"column":4},"end":{"line":251,"column":null}},{"start":{},"end":{}}]},"15":{"loc":{"start":{"line":249,"column":8},"end":{"line":249,"column":73}},"type":"binary-expr","locations":[{"start":{"line":249,"column":8},"end":{"line":249,"column":28}},{"start":{"line":249,"column":32},"end":{"line":249,"column":73}}]},"16":{"loc":{"start":{"line":253,"column":4},"end":{"line":255,"column":null}},"type":"if","locations":[{"start":{"line":253,"column":4},"end":{"line":255,"column":null}},{"start":{},"end":{}}]},"17":{"loc":{"start":{"line":253,"column":8},"end":{"line":253,"column":101}},"type":"binary-expr","locations":[{"start":{"line":253,"column":8},"end":{"line":253,"column":42}},{"start":{"line":253,"column":46},"end":{"line":253,"column":101}}]},"18":{"loc":{"start":{"line":257,"column":4},"end":{"line":259,"column":null}},"type":"if","locations":[{"start":{"line":257,"column":4},"end":{"line":259,"column":null}},{"start":{},"end":{}}]},"19":{"loc":{"start":{"line":257,"column":8},"end":{"line":257,"column":101}},"type":"binary-expr","locations":[{"start":{"line":257,"column":8},"end":{"line":257,"column":42}},{"start":{"line":257,"column":46},"end":{"line":257,"column":101}}]},"20":{"loc":{"start":{"line":261,"column":4},"end":{"line":263,"column":null}},"type":"if","locations":[{"start":{"line":261,"column":4},"end":{"line":263,"column":null}},{"start":{},"end":{}}]},"21":{"loc":{"start":{"line":261,"column":8},"end":{"line":261,"column":101}},"type":"binary-expr","locations":[{"start":{"line":261,"column":8},"end":{"line":261,"column":42}},{"start":{"line":261,"column":46},"end":{"line":261,"column":101}}]},"22":{"loc":{"start":{"line":265,"column":4},"end":{"line":267,"column":null}},"type":"if","locations":[{"start":{"line":265,"column":4},"end":{"line":267,"column":null}},{"start":{},"end":{}}]},"23":{"loc":{"start":{"line":265,"column":8},"end":{"line":265,"column":87}},"type":"binary-expr","locations":[{"start":{"line":265,"column":8},"end":{"line":265,"column":35}},{"start":{"line":265,"column":39},"end":{"line":265,"column":87}}]},"24":{"loc":{"start":{"line":269,"column":4},"end":{"line":271,"column":null}},"type":"if","locations":[{"start":{"line":269,"column":4},"end":{"line":271,"column":null}},{"start":{},"end":{}}]},"25":{"loc":{"start":{"line":269,"column":8},"end":{"line":269,"column":77}},"type":"binary-expr","locations":[{"start":{"line":269,"column":8},"end":{"line":269,"column":30}},{"start":{"line":269,"column":34},"end":{"line":269,"column":77}}]},"26":{"loc":{"start":{"line":275,"column":4},"end":{"line":277,"column":null}},"type":"if","locations":[{"start":{"line":275,"column":4},"end":{"line":277,"column":null}},{"start":{},"end":{}}]},"27":{"loc":{"start":{"line":275,"column":8},"end":{"line":275,"column":75}},"type":"binary-expr","locations":[{"start":{"line":275,"column":8},"end":{"line":275,"column":29}},{"start":{"line":275,"column":33},"end":{"line":275,"column":75}}]},"28":{"loc":{"start":{"line":281,"column":4},"end":{"line":283,"column":null}},"type":"if","locations":[{"start":{"line":281,"column":4},"end":{"line":283,"column":null}},{"start":{},"end":{}}]},"29":{"loc":{"start":{"line":281,"column":8},"end":{"line":281,"column":53}},"type":"binary-expr","locations":[{"start":{"line":281,"column":8},"end":{"line":281,"column":18}},{"start":{"line":281,"column":22},"end":{"line":281,"column":53}}]},"30":{"loc":{"start":{"line":286,"column":4},"end":{"line":288,"column":null}},"type":"if","locations":[{"start":{"line":286,"column":4},"end":{"line":288,"column":null}},{"start":{},"end":{}}]},"31":{"loc":{"start":{"line":286,"column":8},"end":{"line":286,"column":61}},"type":"binary-expr","locations":[{"start":{"line":286,"column":8},"end":{"line":286,"column":22}},{"start":{"line":286,"column":26},"end":{"line":286,"column":61}}]},"32":{"loc":{"start":{"line":290,"column":4},"end":{"line":292,"column":null}},"type":"if","locations":[{"start":{"line":290,"column":4},"end":{"line":292,"column":null}},{"start":{},"end":{}}]},"33":{"loc":{"start":{"line":290,"column":8},"end":{"line":290,"column":85}},"type":"binary-expr","locations":[{"start":{"line":290,"column":8},"end":{"line":290,"column":34}},{"start":{"line":290,"column":38},"end":{"line":290,"column":85}}]},"34":{"loc":{"start":{"line":294,"column":4},"end":{"line":296,"column":null}},"type":"if","locations":[{"start":{"line":294,"column":4},"end":{"line":296,"column":null}},{"start":{},"end":{}}]},"35":{"loc":{"start":{"line":294,"column":8},"end":{"line":294,"column":75}},"type":"binary-expr","locations":[{"start":{"line":294,"column":8},"end":{"line":294,"column":29}},{"start":{"line":294,"column":33},"end":{"line":294,"column":75}}]},"36":{"loc":{"start":{"line":298,"column":4},"end":{"line":300,"column":null}},"type":"if","locations":[{"start":{"line":298,"column":4},"end":{"line":300,"column":null}},{"start":{},"end":{}}]},"37":{"loc":{"start":{"line":298,"column":8},"end":{"line":298,"column":89}},"type":"binary-expr","locations":[{"start":{"line":298,"column":8},"end":{"line":298,"column":36}},{"start":{"line":298,"column":40},"end":{"line":298,"column":89}}]},"38":{"loc":{"start":{"line":303,"column":4},"end":{"line":305,"column":null}},"type":"if","locations":[{"start":{"line":303,"column":4},"end":{"line":305,"column":null}},{"start":{},"end":{}}]},"39":{"loc":{"start":{"line":303,"column":8},"end":{"line":303,"column":73}},"type":"binary-expr","locations":[{"start":{"line":303,"column":8},"end":{"line":303,"column":28}},{"start":{"line":303,"column":32},"end":{"line":303,"column":73}}]},"40":{"loc":{"start":{"line":307,"column":4},"end":{"line":309,"column":null}},"type":"if","locations":[{"start":{"line":307,"column":4},"end":{"line":309,"column":null}},{"start":{},"end":{}}]},"41":{"loc":{"start":{"line":307,"column":8},"end":{"line":307,"column":87}},"type":"binary-expr","locations":[{"start":{"line":307,"column":8},"end":{"line":307,"column":35}},{"start":{"line":307,"column":39},"end":{"line":307,"column":87}}]},"42":{"loc":{"start":{"line":311,"column":4},"end":{"line":313,"column":null}},"type":"if","locations":[{"start":{"line":311,"column":4},"end":{"line":313,"column":null}},{"start":{},"end":{}}]},"43":{"loc":{"start":{"line":311,"column":8},"end":{"line":311,"column":87}},"type":"binary-expr","locations":[{"start":{"line":311,"column":8},"end":{"line":311,"column":35}},{"start":{"line":311,"column":39},"end":{"line":311,"column":87}}]},"44":{"loc":{"start":{"line":315,"column":4},"end":{"line":317,"column":null}},"type":"if","locations":[{"start":{"line":315,"column":4},"end":{"line":317,"column":null}},{"start":{},"end":{}}]},"45":{"loc":{"start":{"line":315,"column":8},"end":{"line":315,"column":93}},"type":"binary-expr","locations":[{"start":{"line":315,"column":8},"end":{"line":315,"column":38}},{"start":{"line":315,"column":42},"end":{"line":315,"column":93}}]},"46":{"loc":{"start":{"line":320,"column":4},"end":{"line":322,"column":null}},"type":"if","locations":[{"start":{"line":320,"column":4},"end":{"line":322,"column":null}},{"start":{},"end":{}}]},"47":{"loc":{"start":{"line":320,"column":8},"end":{"line":320,"column":83}},"type":"binary-expr","locations":[{"start":{"line":320,"column":8},"end":{"line":320,"column":33}},{"start":{"line":320,"column":37},"end":{"line":320,"column":83}}]},"48":{"loc":{"start":{"line":324,"column":4},"end":{"line":326,"column":null}},"type":"if","locations":[{"start":{"line":324,"column":4},"end":{"line":326,"column":null}},{"start":{},"end":{}}]},"49":{"loc":{"start":{"line":324,"column":8},"end":{"line":324,"column":95}},"type":"binary-expr","locations":[{"start":{"line":324,"column":8},"end":{"line":324,"column":39}},{"start":{"line":324,"column":43},"end":{"line":324,"column":95}}]},"50":{"loc":{"start":{"line":328,"column":4},"end":{"line":330,"column":null}},"type":"if","locations":[{"start":{"line":328,"column":4},"end":{"line":330,"column":null}},{"start":{},"end":{}}]},"51":{"loc":{"start":{"line":328,"column":8},"end":{"line":328,"column":99}},"type":"binary-expr","locations":[{"start":{"line":328,"column":8},"end":{"line":328,"column":41}},{"start":{"line":328,"column":45},"end":{"line":328,"column":99}}]},"52":{"loc":{"start":{"line":332,"column":4},"end":{"line":334,"column":null}},"type":"if","locations":[{"start":{"line":332,"column":4},"end":{"line":334,"column":null}},{"start":{},"end":{}}]},"53":{"loc":{"start":{"line":332,"column":8},"end":{"line":332,"column":103}},"type":"binary-expr","locations":[{"start":{"line":332,"column":8},"end":{"line":332,"column":43}},{"start":{"line":332,"column":47},"end":{"line":332,"column":103}}]},"54":{"loc":{"start":{"line":336,"column":4},"end":{"line":338,"column":null}},"type":"if","locations":[{"start":{"line":336,"column":4},"end":{"line":338,"column":null}},{"start":{},"end":{}}]},"55":{"loc":{"start":{"line":336,"column":8},"end":{"line":336,"column":105}},"type":"binary-expr","locations":[{"start":{"line":336,"column":8},"end":{"line":336,"column":44}},{"start":{"line":336,"column":48},"end":{"line":336,"column":105}}]},"56":{"loc":{"start":{"line":341,"column":4},"end":{"line":343,"column":null}},"type":"if","locations":[{"start":{"line":341,"column":4},"end":{"line":343,"column":null}},{"start":{},"end":{}}]},"57":{"loc":{"start":{"line":341,"column":8},"end":{"line":341,"column":67}},"type":"binary-expr","locations":[{"start":{"line":341,"column":8},"end":{"line":341,"column":25}},{"start":{"line":341,"column":29},"end":{"line":341,"column":67}}]},"58":{"loc":{"start":{"line":345,"column":4},"end":{"line":347,"column":null}},"type":"if","locations":[{"start":{"line":345,"column":4},"end":{"line":347,"column":null}},{"start":{},"end":{}}]},"59":{"loc":{"start":{"line":345,"column":8},"end":{"line":345,"column":77}},"type":"binary-expr","locations":[{"start":{"line":345,"column":8},"end":{"line":345,"column":30}},{"start":{"line":345,"column":34},"end":{"line":345,"column":77}}]},"60":{"loc":{"start":{"line":349,"column":4},"end":{"line":351,"column":null}},"type":"if","locations":[{"start":{"line":349,"column":4},"end":{"line":351,"column":null}},{"start":{},"end":{}}]},"61":{"loc":{"start":{"line":349,"column":8},"end":{"line":349,"column":101}},"type":"binary-expr","locations":[{"start":{"line":349,"column":8},"end":{"line":349,"column":42}},{"start":{"line":349,"column":46},"end":{"line":349,"column":101}}]},"62":{"loc":{"start":{"line":353,"column":4},"end":{"line":355,"column":null}},"type":"if","locations":[{"start":{"line":353,"column":4},"end":{"line":355,"column":null}},{"start":{},"end":{}}]},"63":{"loc":{"start":{"line":353,"column":8},"end":{"line":353,"column":105}},"type":"binary-expr","locations":[{"start":{"line":353,"column":8},"end":{"line":353,"column":44}},{"start":{"line":353,"column":48},"end":{"line":353,"column":105}}]},"64":{"loc":{"start":{"line":357,"column":4},"end":{"line":359,"column":null}},"type":"if","locations":[{"start":{"line":357,"column":4},"end":{"line":359,"column":null}},{"start":{},"end":{}}]},"65":{"loc":{"start":{"line":357,"column":8},"end":{"line":357,"column":81}},"type":"binary-expr","locations":[{"start":{"line":357,"column":8},"end":{"line":357,"column":32}},{"start":{"line":357,"column":36},"end":{"line":357,"column":81}}]},"66":{"loc":{"start":{"line":371,"column":6},"end":{"line":377,"column":null}},"type":"if","locations":[{"start":{"line":371,"column":6},"end":{"line":377,"column":null}},{"start":{},"end":{}}]},"67":{"loc":{"start":{"line":381,"column":6},"end":{"line":387,"column":null}},"type":"if","locations":[{"start":{"line":381,"column":6},"end":{"line":387,"column":null}},{"start":{},"end":{}}]},"68":{"loc":{"start":{"line":402,"column":2},"end":{"line":404,"column":null}},"type":"if","locations":[{"start":{"line":402,"column":2},"end":{"line":404,"column":null}},{"start":{},"end":{}}]}},"s":{"0":8,"1":2,"2":1,"3":1,"4":8,"5":8,"6":3,"7":3,"8":3,"9":3,"10":3,"11":3,"12":0,"13":3,"14":3,"15":2,"16":1,"17":3,"18":3,"19":3,"20":3,"21":3,"22":3,"23":0,"24":3,"25":3,"26":2,"27":1,"28":1,"29":1,"30":1,"31":3,"32":1,"33":2,"34":2,"35":0,"36":2,"37":0,"38":2,"39":0,"40":2,"41":0,"42":2,"43":0,"44":2,"45":0,"46":2,"47":0,"48":2,"49":0,"50":2,"51":0,"52":2,"53":0,"54":3,"55":1,"56":2,"57":2,"58":0,"59":2,"60":0,"61":2,"62":0,"63":2,"64":0,"65":2,"66":0,"67":2,"68":0,"69":2,"70":0,"71":2,"72":0,"73":2,"74":0,"75":2,"76":0,"77":2,"78":0,"79":2,"80":0,"81":2,"82":0,"83":2,"84":0,"85":2,"86":0,"87":2,"88":0,"89":2,"90":0,"91":2,"92":0,"93":2,"94":0,"95":6,"96":6,"97":0,"98":0,"99":0,"100":0,"101":0,"102":0,"103":0,"104":0,"105":0,"106":0,"107":0,"108":2,"109":2,"110":1,"111":1},"f":{"0":8,"1":3,"2":3,"3":1,"4":3,"5":3,"6":6,"7":2},"b":{"0":[8,8],"1":[0,3],"2":[1,0],"3":[0,3],"4":[1,0],"5":[1,2],"6":[3,2],"7":[0,2],"8":[2,2],"9":[0,2],"10":[0,2],"11":[2,2],"12":[0,2],"13":[2,2],"14":[0,2],"15":[2,2],"16":[0,2],"17":[2,2],"18":[0,2],"19":[2,2],"20":[0,2],"21":[2,2],"22":[0,2],"23":[2,2],"24":[0,2],"25":[2,2],"26":[1,2],"27":[3,2],"28":[0,2],"29":[2,2],"30":[0,2],"31":[2,2],"32":[0,2],"33":[2,2],"34":[0,2],"35":[2,2],"36":[0,2],"37":[2,2],"38":[0,2],"39":[2,2],"40":[0,2],"41":[2,2],"42":[0,2],"43":[2,2],"44":[0,2],"45":[2,2],"46":[0,2],"47":[2,2],"48":[0,2],"49":[2,2],"50":[0,2],"51":[2,2],"52":[0,2],"53":[2,2],"54":[0,2],"55":[2,2],"56":[0,2],"57":[2,2],"58":[0,2],"59":[2,2],"60":[0,2],"61":[2,2],"62":[0,2],"63":[2,2],"64":[0,2],"65":[2,2],"66":[0,0],"67":[0,0],"68":[1,1]}}
}
