TN:
SF:lib/agents/pacing-strategist.ts
FN:78,(anonymous_3)
FN:99,(anonymous_4)
FN:142,(anonymous_5)
FN:181,(anonymous_6)
FN:210,(anonymous_7)
FN:215,(anonymous_8)
FN:262,(anonymous_9)
FN:267,(anonymous_10)
FN:288,(anonymous_11)
FN:323,(anonymous_12)
FN:355,createPacingStrategist
FNF:11
FNH:11
FNDA:10,(anonymous_3)
FNDA:5,(anonymous_4)
FNDA:3,(anonymous_5)
FNDA:2,(anonymous_6)
FNDA:5,(anonymous_7)
FNDA:3,(anonymous_8)
FNDA:3,(anonymous_9)
FNDA:4,(anonymous_10)
FNDA:3,(anonymous_11)
FNDA:8,(anonymous_12)
FNDA:2,createPacingStrategist
DA:10,1
DA:12,1
DA:74,10
DA:79,10
DA:87,10
DA:103,5
DA:108,5
DA:119,5
DA:120,5
DA:121,5
DA:123,5
DA:124,0
DA:127,5
DA:128,5
DA:130,4
DA:132,1
DA:145,3
DA:147,3
DA:158,3
DA:159,3
DA:160,3
DA:162,3
DA:163,0
DA:166,3
DA:167,3
DA:169,2
DA:171,1
DA:189,2
DA:192,2
DA:198,2
DA:199,1
DA:202,2
DA:211,5
DA:212,1
DA:215,4
DA:216,3
DA:217,0
DA:220,3
DA:221,0
DA:224,3
DA:225,0
DA:228,3
DA:229,0
DA:232,3
DA:233,0
DA:236,3
DA:237,0
DA:241,4
DA:242,0
DA:245,4
DA:246,0
DA:249,4
DA:250,0
DA:253,4
DA:254,0
DA:257,4
DA:258,0
DA:263,3
DA:264,0
DA:267,3
DA:268,4
DA:269,0
DA:272,4
DA:273,1
DA:276,3
DA:277,0
DA:280,3
DA:281,0
DA:284,3
DA:285,0
DA:288,3
DA:289,3
DA:290,0
DA:293,3
DA:294,0
DA:297,3
DA:298,0
DA:302,3
DA:303,0
DA:306,3
DA:307,0
DA:311,2
DA:312,0
DA:315,2
DA:316,0
DA:324,8
DA:325,8
DA:328,0
DA:329,0
DA:330,0
DA:331,0
DA:333,0
DA:338,0
DA:339,0
DA:340,0
DA:341,0
DA:343,0
DA:347,0
DA:355,2
DA:358,2
DA:360,2
DA:361,1
DA:364,1
LF:103
LH:67
BRDA:80,0,0,10
BRDA:80,0,1,10
BRDA:123,1,0,0
BRDA:123,1,1,5
BRDA:133,2,0,1
BRDA:133,2,1,0
BRDA:162,3,0,0
BRDA:162,3,1,3
BRDA:172,4,0,1
BRDA:172,4,1,0
BRDA:198,5,0,1
BRDA:198,5,1,1
BRDA:211,6,0,1
BRDA:211,6,1,4
BRDA:216,7,0,0
BRDA:216,7,1,3
BRDA:220,8,0,0
BRDA:220,8,1,3
BRDA:224,9,0,0
BRDA:224,9,1,3
BRDA:228,10,0,0
BRDA:228,10,1,3
BRDA:228,11,0,3
BRDA:228,11,1,3
BRDA:232,12,0,0
BRDA:232,12,1,3
BRDA:232,13,0,3
BRDA:232,13,1,3
BRDA:236,14,0,0
BRDA:236,14,1,3
BRDA:236,15,0,3
BRDA:236,15,1,3
BRDA:241,16,0,0
BRDA:241,16,1,4
BRDA:241,17,0,4
BRDA:241,17,1,4
BRDA:245,18,0,0
BRDA:245,18,1,4
BRDA:249,19,0,0
BRDA:249,19,1,4
BRDA:253,20,0,0
BRDA:253,20,1,4
BRDA:257,21,0,0
BRDA:257,21,1,4
BRDA:257,22,0,4
BRDA:257,22,1,4
BRDA:263,23,0,0
BRDA:263,23,1,3
BRDA:268,24,0,0
BRDA:268,24,1,4
BRDA:268,25,0,4
BRDA:268,25,1,4
BRDA:272,26,0,1
BRDA:272,26,1,3
BRDA:276,27,0,0
BRDA:276,27,1,3
BRDA:276,28,0,3
BRDA:276,28,1,3
BRDA:280,29,0,0
BRDA:280,29,1,3
BRDA:280,30,0,3
BRDA:280,30,1,3
BRDA:284,31,0,0
BRDA:284,31,1,3
BRDA:289,32,0,0
BRDA:289,32,1,3
BRDA:293,33,0,0
BRDA:293,33,1,3
BRDA:293,34,0,3
BRDA:293,34,1,3
BRDA:297,35,0,0
BRDA:297,35,1,3
BRDA:297,36,0,3
BRDA:297,36,1,3
BRDA:302,37,0,0
BRDA:302,37,1,3
BRDA:302,38,0,3
BRDA:302,38,1,3
BRDA:306,39,0,0
BRDA:306,39,1,3
BRDA:311,40,0,0
BRDA:311,40,1,2
BRDA:311,41,0,2
BRDA:311,41,1,2
BRDA:315,42,0,0
BRDA:315,42,1,2
BRDA:329,43,0,0
BRDA:329,43,1,0
BRDA:339,44,0,0
BRDA:339,44,1,0
BRDA:360,45,0,1
BRDA:360,45,1,1
BRF:92
BRH:61
end_of_record
TN:
SF:lib/agents/rules-auditor.ts
FN:81,(anonymous_3)
FN:102,(anonymous_4)
FN:145,(anonymous_5)
FN:184,(anonymous_6)
FN:227,(anonymous_7)
FN:261,(anonymous_8)
FN:266,(anonymous_9)
FN:301,(anonymous_10)
FN:306,(anonymous_11)
FN:333,(anonymous_12)
FN:338,(anonymous_13)
FN:368,(anonymous_14)
FN:400,createRulesAuditor
FNF:13
FNH:13
FNDA:9,(anonymous_3)
FNDA:4,(anonymous_4)
FNDA:2,(anonymous_5)
FNDA:2,(anonymous_6)
FNDA:1,(anonymous_7)
FNDA:4,(anonymous_8)
FNDA:2,(anonymous_9)
FNDA:2,(anonymous_10)
FNDA:2,(anonymous_11)
FNDA:2,(anonymous_12)
FNDA:2,(anonymous_13)
FNDA:8,(anonymous_14)
FNDA:2,createRulesAuditor
DA:11,1
DA:13,1
DA:77,9
DA:82,9
DA:90,9
DA:106,4
DA:111,4
DA:122,4
DA:123,4
DA:124,4
DA:126,4
DA:127,0
DA:130,4
DA:131,4
DA:133,3
DA:135,1
DA:148,2
DA:150,2
DA:161,2
DA:162,2
DA:163,2
DA:165,2
DA:166,0
DA:169,2
DA:170,2
DA:172,2
DA:174,0
DA:188,2
DA:193,2
DA:204,2
DA:205,2
DA:206,2
DA:208,2
DA:209,0
DA:212,2
DA:213,2
DA:215,2
DA:217,0
DA:237,1
DA:240,1
DA:245,1
DA:246,1
DA:250,1
DA:252,1
DA:262,4
DA:263,1
DA:266,3
DA:267,2
DA:268,0
DA:271,2
DA:272,0
DA:275,2
DA:276,0
DA:279,2
DA:280,0
DA:284,3
DA:285,0
DA:288,3
DA:289,0
DA:292,3
DA:293,0
DA:296,3
DA:297,0
DA:302,2
DA:303,0
DA:306,2
DA:307,2
DA:308,0
DA:311,2
DA:312,0
DA:315,2
DA:316,0
DA:319,2
DA:320,0
DA:323,2
DA:324,0
DA:328,2
DA:329,0
DA:334,2
DA:335,0
DA:338,2
DA:339,2
DA:340,0
DA:343,2
DA:344,0
DA:347,2
DA:348,0
DA:351,2
DA:352,0
DA:355,2
DA:356,0
DA:360,2
DA:361,0
DA:369,8
DA:370,8
DA:373,0
DA:374,0
DA:375,0
DA:376,0
DA:378,0
DA:383,0
DA:384,0
DA:385,0
DA:386,0
DA:388,0
DA:392,0
DA:400,2
DA:403,2
DA:405,2
DA:406,1
DA:409,1
LF:111
LH:73
BRDA:83,0,0,9
BRDA:83,0,1,9
BRDA:126,1,0,0
BRDA:126,1,1,4
BRDA:136,2,0,1
BRDA:136,2,1,0
BRDA:165,3,0,0
BRDA:165,3,1,2
BRDA:175,4,0,0
BRDA:175,4,1,0
BRDA:208,5,0,0
BRDA:208,5,1,2
BRDA:218,6,0,0
BRDA:218,6,1,0
BRDA:245,7,0,1
BRDA:245,7,1,0
BRDA:262,8,0,1
BRDA:262,8,1,3
BRDA:267,9,0,0
BRDA:267,9,1,2
BRDA:267,10,0,2
BRDA:267,10,1,2
BRDA:271,11,0,0
BRDA:271,11,1,2
BRDA:271,12,0,2
BRDA:271,12,1,2
BRDA:275,13,0,0
BRDA:275,13,1,2
BRDA:275,14,0,2
BRDA:275,14,1,2
BRDA:279,15,0,0
BRDA:279,15,1,2
BRDA:279,16,0,2
BRDA:279,16,1,2
BRDA:284,17,0,0
BRDA:284,17,1,3
BRDA:284,18,0,3
BRDA:284,18,1,3
BRDA:288,19,0,0
BRDA:288,19,1,3
BRDA:292,20,0,0
BRDA:292,20,1,3
BRDA:296,21,0,0
BRDA:296,21,1,3
BRDA:302,22,0,0
BRDA:302,22,1,2
BRDA:307,23,0,0
BRDA:307,23,1,2
BRDA:307,24,0,2
BRDA:307,24,1,2
BRDA:311,25,0,0
BRDA:311,25,1,2
BRDA:311,26,0,2
BRDA:311,26,1,2
BRDA:315,27,0,0
BRDA:315,27,1,2
BRDA:315,28,0,2
BRDA:315,28,1,2
BRDA:319,29,0,0
BRDA:319,29,1,2
BRDA:323,30,0,0
BRDA:323,30,1,2
BRDA:323,31,0,2
BRDA:323,31,1,2
BRDA:328,32,0,0
BRDA:328,32,1,2
BRDA:328,33,0,2
BRDA:328,33,1,2
BRDA:334,34,0,0
BRDA:334,34,1,2
BRDA:339,35,0,0
BRDA:339,35,1,2
BRDA:339,36,0,2
BRDA:339,36,1,2
BRDA:343,37,0,0
BRDA:343,37,1,2
BRDA:343,38,0,2
BRDA:343,38,1,2
BRDA:347,39,0,0
BRDA:347,39,1,2
BRDA:351,40,0,0
BRDA:351,40,1,2
BRDA:355,41,0,0
BRDA:355,41,1,2
BRDA:355,42,0,2
BRDA:355,42,1,2
BRDA:360,43,0,0
BRDA:360,43,1,2
BRDA:360,44,0,2
BRDA:360,44,1,2
BRDA:374,45,0,0
BRDA:374,45,1,0
BRDA:384,46,0,0
BRDA:384,46,1,0
BRDA:405,47,0,1
BRDA:405,47,1,1
BRF:96
BRH:61
end_of_record
TN:
SF:lib/agents/thematic-polisher.ts
FN:88,(anonymous_3)
FN:109,(anonymous_4)
FN:154,(anonymous_5)
FN:197,(anonymous_6)
FN:226,(anonymous_7)
FN:274,(anonymous_8)
FN:365,(anonymous_9)
FN:397,createThematicPolisher
FNF:8
FNH:8
FNDA:8,(anonymous_3)
FNDA:3,(anonymous_4)
FNDA:3,(anonymous_5)
FNDA:1,(anonymous_6)
FNDA:3,(anonymous_7)
FNDA:3,(anonymous_8)
FNDA:6,(anonymous_9)
FNDA:2,createThematicPolisher
DA:10,1
DA:12,1
DA:84,8
DA:89,8
DA:97,8
DA:114,3
DA:120,3
DA:131,3
DA:132,3
DA:133,3
DA:135,3
DA:136,0
DA:139,3
DA:140,3
DA:142,2
DA:144,1
DA:158,3
DA:163,3
DA:174,3
DA:175,3
DA:176,3
DA:178,3
DA:179,0
DA:182,3
DA:183,3
DA:185,2
DA:187,1
DA:206,1
DA:213,1
DA:218,1
DA:227,3
DA:228,1
DA:231,2
DA:233,2
DA:234,0
DA:237,2
DA:238,0
DA:241,2
DA:242,0
DA:245,2
DA:246,0
DA:249,2
DA:250,0
DA:253,2
DA:254,0
DA:257,2
DA:258,0
DA:261,2
DA:262,0
DA:265,2
DA:266,0
DA:269,2
DA:270,0
DA:275,3
DA:276,1
DA:279,2
DA:281,2
DA:282,0
DA:286,2
DA:287,0
DA:290,2
DA:291,0
DA:294,2
DA:295,0
DA:298,2
DA:299,0
DA:303,2
DA:304,0
DA:307,2
DA:308,0
DA:311,2
DA:312,0
DA:315,2
DA:316,0
DA:320,2
DA:321,0
DA:324,2
DA:325,0
DA:328,2
DA:329,0
DA:332,2
DA:333,0
DA:336,2
DA:337,0
DA:341,2
DA:342,0
DA:345,2
DA:346,0
DA:349,2
DA:350,0
DA:353,2
DA:354,0
DA:357,2
DA:358,0
DA:366,6
DA:367,6
DA:370,0
DA:371,0
DA:372,0
DA:373,0
DA:375,0
DA:380,0
DA:381,0
DA:382,0
DA:383,0
DA:385,0
DA:389,0
DA:397,2
DA:400,2
DA:402,2
DA:403,1
DA:406,1
LF:112
LH:70
BRDA:90,0,0,8
BRDA:90,0,1,8
BRDA:135,1,0,0
BRDA:135,1,1,3
BRDA:145,2,0,1
BRDA:145,2,1,0
BRDA:178,3,0,0
BRDA:178,3,1,3
BRDA:188,4,0,1
BRDA:188,4,1,0
BRDA:227,5,0,1
BRDA:227,5,1,2
BRDA:227,6,0,3
BRDA:227,6,1,2
BRDA:233,7,0,0
BRDA:233,7,1,2
BRDA:233,8,0,2
BRDA:233,8,1,2
BRDA:237,9,0,0
BRDA:237,9,1,2
BRDA:241,10,0,0
BRDA:241,10,1,2
BRDA:241,11,0,2
BRDA:241,11,1,2
BRDA:245,12,0,0
BRDA:245,12,1,2
BRDA:245,13,0,2
BRDA:245,13,1,2
BRDA:249,14,0,0
BRDA:249,14,1,2
BRDA:249,15,0,2
BRDA:249,15,1,2
BRDA:253,16,0,0
BRDA:253,16,1,2
BRDA:253,17,0,2
BRDA:253,17,1,2
BRDA:257,18,0,0
BRDA:257,18,1,2
BRDA:257,19,0,2
BRDA:257,19,1,2
BRDA:261,20,0,0
BRDA:261,20,1,2
BRDA:261,21,0,2
BRDA:261,21,1,2
BRDA:265,22,0,0
BRDA:265,22,1,2
BRDA:265,23,0,2
BRDA:265,23,1,2
BRDA:269,24,0,0
BRDA:269,24,1,2
BRDA:269,25,0,2
BRDA:269,25,1,2
BRDA:275,26,0,1
BRDA:275,26,1,2
BRDA:275,27,0,3
BRDA:275,27,1,2
BRDA:281,28,0,0
BRDA:281,28,1,2
BRDA:281,29,0,2
BRDA:281,29,1,2
BRDA:286,30,0,0
BRDA:286,30,1,2
BRDA:286,31,0,2
BRDA:286,31,1,2
BRDA:290,32,0,0
BRDA:290,32,1,2
BRDA:290,33,0,2
BRDA:290,33,1,2
BRDA:294,34,0,0
BRDA:294,34,1,2
BRDA:294,35,0,2
BRDA:294,35,1,2
BRDA:298,36,0,0
BRDA:298,36,1,2
BRDA:298,37,0,2
BRDA:298,37,1,2
BRDA:303,38,0,0
BRDA:303,38,1,2
BRDA:303,39,0,2
BRDA:303,39,1,2
BRDA:307,40,0,0
BRDA:307,40,1,2
BRDA:307,41,0,2
BRDA:307,41,1,2
BRDA:311,42,0,0
BRDA:311,42,1,2
BRDA:311,43,0,2
BRDA:311,43,1,2
BRDA:315,44,0,0
BRDA:315,44,1,2
BRDA:315,45,0,2
BRDA:315,45,1,2
BRDA:320,46,0,0
BRDA:320,46,1,2
BRDA:320,47,0,2
BRDA:320,47,1,2
BRDA:324,48,0,0
BRDA:324,48,1,2
BRDA:324,49,0,2
BRDA:324,49,1,2
BRDA:328,50,0,0
BRDA:328,50,1,2
BRDA:328,51,0,2
BRDA:328,51,1,2
BRDA:332,52,0,0
BRDA:332,52,1,2
BRDA:332,53,0,2
BRDA:332,53,1,2
BRDA:336,54,0,0
BRDA:336,54,1,2
BRDA:336,55,0,2
BRDA:336,55,1,2
BRDA:341,56,0,0
BRDA:341,56,1,2
BRDA:341,57,0,2
BRDA:341,57,1,2
BRDA:345,58,0,0
BRDA:345,58,1,2
BRDA:345,59,0,2
BRDA:345,59,1,2
BRDA:349,60,0,0
BRDA:349,60,1,2
BRDA:349,61,0,2
BRDA:349,61,1,2
BRDA:353,62,0,0
BRDA:353,62,1,2
BRDA:353,63,0,2
BRDA:353,63,1,2
BRDA:357,64,0,0
BRDA:357,64,1,2
BRDA:357,65,0,2
BRDA:357,65,1,2
BRDA:371,66,0,0
BRDA:371,66,1,0
BRDA:381,67,0,0
BRDA:381,67,1,0
BRDA:402,68,0,1
BRDA:402,68,1,1
BRF:138
BRH:101
end_of_record
